Case #1: 20 2 3 5 5 5 7 1 1 1 1 1 1 1 1 1 1 1 1 1 1
Case #2: -1
Case #3: 25 3 3 3 3 3 3 5 1 1 1 1 1 1 1 1 1 1 1 1 1 1 1 1 1 1
Case #4: 25 2 2 2 2 2 2 2 2 2 2 2 2 2 2 2 2 1 1 1 1 1 1 1 1 1
Case #5: 26 2 2 2 2 2 2 2 3 3 5 1 1 1 1 1 1 1 1 1 1 1 1 1 1 1 1
Case #6: 20 2 2 2 2 2 2 2 2 2 2 2 3 3 7 1 1 1 1 1 1
Case #7: 11 2 2 29 1 1 1 1 1 1 1 1
Case #8: 17 2 2 2 2 2 2 3 3 3 3 5 7 1 1 1 1 1
Case #9: 26 2 3 13 1 1 1 1 1 1 1 1 1 1 1 1 1 1 1 1 1 1 1 1 1 1 1
Case #10: 21 2 2 3 3 5 5 7 1 1 1 1 1 1 1 1 1 1 1 1 1 1
Case #11: 25 2 2 2 2 2 2 3 3 3 3 3 1 1 1 1 1 1 1 1 1 1 1 1 1 1
Case #12: 18 2 2 2 2 2 3 3 3 13 1 1 1 1 1 1 1 1 1
Case #13: 21 2 2 2 2 3 3 3 3 3 3 3 3 1 1 1 1 1 1 1 1 1
Case #14: 16 2 2 2 2 2 3 3 5 7 7 1 1 1 1 1 1
Case #15: 18 2 2 2 5 5 7 7 1 1 1 1 1 1 1 1 1 1 1
Case #16: 25 2 2 5 5 7 1 1 1 1 1 1 1 1 1 1 1 1 1 1 1 1 1 1 1 1
Case #17: 15 2 2 2 2 2 2 2 2 5 5 11 1 1 1 1
Case #18: 13 2 2 3 3 3 5 5 7 7 1 1 1 1
Case #19: -1
Case #20: 22 2 2 2 2 2 2 2 3 5 7 1 1 1 1 1 1 1 1 1 1 1 1
Case #21: 13 2 2 3 3 3 3 7 13 1 1 1 1 1
Case #22: 26 2 2 2 2 2 3 3 3 5 1 1 1 1 1 1 1 1 1 1 1 1 1 1 1 1 1
Case #23: 17 2 2 2 2 2 2 2 2 3 3 3 5 7 1 1 1 1
Case #24: 31 2 2 2 2 7 1 1 1 1 1 1 1 1 1 1 1 1 1 1 1 1 1 1 1 1 1 1 1 1 1 1
Case #25: 18 2 2 2 3 3 3 3 5 5 5 1 1 1 1 1 1 1 1
Case #26: 22 2 2 2 2 2 5 5 7 1 1 1 1 1 1 1 1 1 1 1 1 1 1
Case #27: 16 2 2 2 2 2 2 2 3 3 3 5 5 5 1 1 1
Case #28: 13 2 2 2 2 3 3 5 17 1 1 1 1 1
Case #29: 23 2 2 2 2 2 2 2 2 5 7 1 1 1 1 1 1 1 1 1 1 1 1 1
Case #30: 24 2 2 2 3 3 5 7 1 1 1 1 1 1 1 1 1 1 1 1 1 1 1 1 1
Case #31: 16 2 2 2 2 2 2 2 3 3 5 11 1 1 1 1 1
Case #32: 14 2 2 2 2 2 2 2 3 3 5 13 1 1 1
Case #33: -1
Case #34: 20 2 2 2 2 2 2 2 3 3 11 1 1 1 1 1 1 1 1 1 1
Case #35: 16 2 2 2 2 2 2 2 3 3 5 5 7 1 1 1 1
Case #36: 21 2 2 2 2 2 2 2 2 2 2 2 2 3 3 5 1 1 1 1 1 1
Case #37: 24 2 2 2 2 2 2 2 3 5 5 1 1 1 1 1 1 1 1 1 1 1 1 1 1
Case #38: 19 2 2 2 2 2 2 2 2 2 2 2 2 3 5 5 1 1 1 1
Case #39: 10 2 31 1 1 1 1 1 1 1 1
Case #40: 18 2 2 2 2 2 2 2 3 3 7 7 1 1 1 1 1 1 1
Case #41: 17 2 2 2 2 2 2 3 3 3 13 1 1 1 1 1 1 1
Case #42: -1
Case #43: 19 3 3 3 3 3 3 3 3 3 5 1 1 1 1 1 1 1 1 1
Case #44: 22 2 2 2 3 3 3 11 1 1 1 1 1 1 1 1 1 1 1 1 1 1 1
Case #45: 19 2 2 2 2 3 3 3 5 5 5 1 1 1 1 1 1 1 1 1
Case #46: 29 3 5 7 1 1 1 1 1 1 1 1 1 1 1 1 1 1 1 1 1 1 1 1 1 1 1 1 1 1
Case #47: 13 2 2 3 3 3 5 7 11 1 1 1 1 1
Case #48: 18 2 2 2 2 2 3 3 3 5 5 5 1 1 1 1 1 1 1
Case #49: 18 2 2 2 2 2 3 17 1 1 1 1 1 1 1 1 1 1 1
Case #50: 23 2 2 3 3 3 3 5 5 1 1 1 1 1 1 1 1 1 1 1 1 1 1 1
Case #51: 15 2 2 2 2 2 2 3 3 5 5 5 5 1 1 1
Case #52: 25 7 11 1 1 1 1 1 1 1 1 1 1 1 1 1 1 1 1 1 1 1 1 1 1 1
Case #53: 22 2 3 3 3 5 5 5 1 1 1 1 1 1 1 1 1 1 1 1 1 1 1
Case #54: 16 2 3 3 5 17 1 1 1 1 1 1 1 1 1 1 1
Case #55: 19 2 2 2 2 2 2 2 2 2 2 3 11 1 1 1 1 1 1 1
Case #56: 15 2 2 2 2 2 2 2 2 3 7 11 1 1 1 1
Case #57: 21 2 2 2 2 2 2 2 2 3 3 3 3 5 1 1 1 1 1 1 1 1
Case #58: 10 2 2 2 3 5 7 7 11 1 1
Case #59: 18 2 2 2 5 5 13 1 1 1 1 1 1 1 1 1 1 1 1
Case #60: 25 2 2 2 2 2 2 2 2 2 2 2 2 3 3 1 1 1 1 1 1 1 1 1 1 1
Case #61: 18 2 2 2 2 2 2 2 2 2 2 2 2 2 3 5 5 1 1
Case #62: -1
Case #63: -1
Case #64: 14 2 2 2 2 2 2 2 3 5 5 5 7 1 1
Case #65: 17 2 2 2 2 3 19 1 1 1 1 1 1 1 1 1 1 1
Case #66: 36 2 5 1 1 1 1 1 1 1 1 1 1 1 1 1 1 1 1 1 1 1 1 1 1 1 1 1 1 1 1 1 1 1 1 1 1
Case #67: 13 7 11 13 1 1 1 1 1 1 1 1 1 1
Case #68: 29 2 2 11 1 1 1 1 1 1 1 1 1 1 1 1 1 1 1 1 1 1 1 1 1 1 1 1 1 1
Case #69: -1
Case #70: -1
Case #71: 20 2 2 2 3 3 3 3 5 7 1 1 1 1 1 1 1 1 1 1 1
Case #72: 22 2 2 2 3 3 3 3 3 3 5 1 1 1 1 1 1 1 1 1 1 1 1
Case #73: 14 2 2 2 5 5 7 11 1 1 1 1 1 1 1
Case #74: 14 2 2 2 3 5 5 5 5 7 1 1 1 1 1
Case #75: 10 2 2 2 2 2 3 7 19 1 1
Case #76: -1
Case #77: 29 2 2 2 2 2 2 2 2 2 2 3 1 1 1 1 1 1 1 1 1 1 1 1 1 1 1 1 1 1
Case #78: -1
Case #79: 18 2 2 2 2 2 2 2 5 13 1 1 1 1 1 1 1 1 1
Case #80: 18 2 2 2 2 2 2 2 2 2 2 2 3 5 7 1 1 1 1
Case #81: 19 2 2 2 2 2 2 5 13 1 1 1 1 1 1 1 1 1 1 1
Case #82: 19 2 2 2 2 3 3 3 3 11 1 1 1 1 1 1 1 1 1 1
Case #83: 27 2 2 2 2 2 2 5 5 1 1 1 1 1 1 1 1 1 1 1 1 1 1 1 1 1 1 1
Case #84: 17 2 2 2 2 2 2 3 3 3 5 5 5 1 1 1 1 1
Case #85: 26 2 2 2 2 2 2 2 2 2 2 2 2 2 2 2 1 1 1 1 1 1 1 1 1 1 1
Case #86: 11 31 1 1 1 1 1 1 1 1 1 1
Case #87: 21 2 2 2 2 3 5 5 7 1 1 1 1 1 1 1 1 1 1 1 1 1
Case #88: 23 2 2 2 2 3 3 11 1 1 1 1 1 1 1 1 1 1 1 1 1 1 1 1
Case #89: 19 2 2 3 3 3 3 3 3 3 3 5 1 1 1 1 1 1 1 1
Case #90: -1
Case #91: 13 2 2 3 3 3 5 5 13 1 1 1 1 1
Case #92: 30 2 2 2 2 2 3 3 3 1 1 1 1 1 1 1 1 1 1 1 1 1 1 1 1 1 1 1 1 1 1
Case #93: 17 2 2 2 2 5 5 13 1 1 1 1 1 1 1 1 1 1
Case #94: 11 2 2 2 2 3 3 11 13 1 1 1
Case #95: -1
Case #96: 12 2 3 3 5 5 5 7 7 1 1 1 1
Case #97: 32 2 2 2 2 2 5 1 1 1 1 1 1 1 1 1 1 1 1 1 1 1 1 1 1 1 1 1 1 1 1 1 1
Case #98: 11 2 2 2 2 3 3 23 1 1 1 1
Case #99: 25 2 2 3 3 5 7 1 1 1 1 1 1 1 1 1 1 1 1 1 1 1 1 1 1 1
Case #100: 16 2 2 2 2 2 2 2 2 2 2 2 3 7 7 1 1
Case #101: 37 5 1 1 1 1 1 1 1 1 1 1 1 1 1 1 1 1 1 1 1 1 1 1 1 1 1 1 1 1 1 1 1 1 1 1 1 1
Case #102: 16 2 2 2 7 7 11 1 1 1 1 1 1 1 1 1 1
Case #103: 18 2 2 2 3 3 5 7 7 1 1 1 1 1 1 1 1 1 1
Case #104: 16 2 2 2 2 2 3 3 5 5 5 5 1 1 1 1 1
Case #105: 15 2 2 2 2 2 2 5 5 5 5 5 1 1 1 1
Case #106: 20 2 2 2 2 2 2 2 2 2 2 2 2 2 2 2 3 5 1 1 1
Case #107: 19 2 2 2 2 3 3 3 3 3 3 3 5 1 1 1 1 1 1 1
Case #108: 5 3 17 19 1 1
Case #109: 20 2 2 2 2 2 2 2 2 2 3 3 3 3 3 3 1 1 1 1 1
Case #110: -1
Case #111: 16 2 3 3 3 3 3 3 5 5 5 1 1 1 1 1 1
Case #112: 24 2 2 2 2 2 2 2 2 2 2 2 3 3 3 1 1 1 1 1 1 1 1 1 1
Case #113: 14 2 2 2 2 2 2 2 2 2 3 5 13 1 1
Case #114: 30 2 2 2 2 2 7 1 1 1 1 1 1 1 1 1 1 1 1 1 1 1 1 1 1 1 1 1 1 1 1
Case #115: 15 2 2 3 3 3 3 3 5 5 7 1 1 1 1 1
Case #116: 16 2 2 2 2 2 2 2 3 5 5 5 5 1 1 1 1
Case #117: 19 2 2 2 2 2 2 2 2 2 2 3 5 7 1 1 1 1 1 1
Case #118: 31 3 3 7 1 1 1 1 1 1 1 1 1 1 1 1 1 1 1 1 1 1 1 1 1 1 1 1 1 1 1 1
Case #119: 19 2 2 3 3 3 3 3 3 5 5 1 1 1 1 1 1 1 1 1
Case #120: 18 2 2 2 3 3 3 3 3 5 7 1 1 1 1 1 1 1 1
Case #121: -1
Case #122: 20 2 2 2 2 2 2 2 3 3 3 3 3 3 3 1 1 1 1 1 1
Case #123: 14 2 2 2 2 2 3 5 5 13 1 1 1 1 1
Case #124: -1
Case #125: 25 2 2 2 2 3 3 5 5 1 1 1 1 1 1 1 1 1 1 1 1 1 1 1 1 1
Case #126: 19 2 2 2 2 2 2 2 2 2 2 3 3 3 7 1 1 1 1 1
Case #127: 22 2 2 2 2 2 2 2 3 3 3 7 1 1 1 1 1 1 1 1 1 1 1
Case #128: 10 2 3 3 3 5 5 17 1 1 1
Case #129: 33 2 2 2 2 2 2 3 1 1 1 1 1 1 1 1 1 1 1 1 1 1 1 1 1 1 1 1 1 1 1 1 1 1
Case #130: -1
Case #131: 17 2 2 3 3 3 3 3 3 11 1 1 1 1 1 1 1 1
Case #132: -1
Case #133: 24 2 2 2 2 2 2 2 3 3 3 5 1 1 1 1 1 1 1 1 1 1 1 1 1
Case #134: 32 2 2 2 3 3 3 1 1 1 1 1 1 1 1 1 1 1 1 1 1 1 1 1 1 1 1 1 1 1 1 1 1
Case #135: -1
Case #136: -1
Case #137: 19 2 2 2 2 2 2 2 2 3 3 3 3 7 1 1 1 1 1 1
Case #138: 35 2 2 3 3 1 1 1 1 1 1 1 1 1 1 1 1 1 1 1 1 1 1 1 1 1 1 1 1 1 1 1 1 1 1 1
Case #139: 14 2 2 2 3 3 3 5 5 11 1 1 1 1 1
Case #140: -1
Case #141: 24 2 2 2 2 2 2 2 5 7 1 1 1 1 1 1 1 1 1 1 1 1 1 1 1
Case #142: -1
Case #143: -1
Case #144: 11 2 2 2 2 3 3 5 19 1 1 1
Case #145: 36 2 2 2 2 2 1 1 1 1 1 1 1 1 1 1 1 1 1 1 1 1 1 1 1 1 1 1 1 1 1 1 1 1 1 1 1
Case #146: -1
Case #147: 17 2 2 3 5 5 7 7 1 1 1 1 1 1 1 1 1 1
Case #148: -1
Case #149: 18 2 2 2 2 2 3 7 11 1 1 1 1 1 1 1 1 1 1
Case #150: 18 2 2 2 2 2 3 3 5 5 7 1 1 1 1 1 1 1 1
Case #151: 15 2 2 2 2 7 7 11 1 1 1 1 1 1 1 1
Case #152: 12 2 3 3 5 5 5 5 5 5 1 1 1
Case #153: 24 2 2 2 3 5 5 5 1 1 1 1 1 1 1 1 1 1 1 1 1 1 1 1 1
Case #154: 19 2 2 2 2 2 2 3 3 3 3 5 5 1 1 1 1 1 1 1
Case #155: 32 2 3 3 5 1 1 1 1 1 1 1 1 1 1 1 1 1 1 1 1 1 1 1 1 1 1 1 1 1 1 1 1
Case #156: 23 2 2 2 2 2 2 2 2 2 2 2 2 2 2 2 2 3 1 1 1 1 1 1
Case #157: 15 2 2 3 3 3 3 5 5 5 5 1 1 1 1 1
Case #158: -1
Case #159: -1
Case #160: 22 2 2 2 3 3 3 5 7 1 1 1 1 1 1 1 1 1 1 1 1 1 1
Case #161: 23 2 2 2 2 2 2 3 3 5 5 1 1 1 1 1 1 1 1 1 1 1 1 1
Case #162: -1
Case #163: 17 2 2 3 3 3 3 5 5 7 1 1 1 1 1 1 1 1
Case #164: 20 2 2 2 3 3 3 5 5 5 1 1 1 1 1 1 1 1 1 1 1
Case #165: -1
Case #166: 26 2 3 3 3 3 7 1 1 1 1 1 1 1 1 1 1 1 1 1 1 1 1 1 1 1 1
Case #167: 41 1 1 1 1 1 1 1 1 1 1 1 1 1 1 1 1 1 1 1 1 1 1 1 1 1 1 1 1 1 1 1 1 1 1 1 1 1 1 1 1 1
Case #168: 13 2 2 3 3 5 7 7 7 1 1 1 1 1
Case #169: 16 2 2 2 3 3 3 3 3 3 11 1 1 1 1 1 1
Case #170: 16 2 2 2 3 3 5 5 5 7 1 1 1 1 1 1 1
Case #171: 6 2 3 5 7 11 13
Case #172: 14 2 2 2 3 3 3 3 5 5 5 5 1 1 1
Case #173: 22 2 2 2 2 2 3 3 11 1 1 1 1 1 1 1 1 1 1 1 1 1 1
Case #174: -1
Case #175: 16 2 2 2 3 3 3 5 13 1 1 1 1 1 1 1 1
Case #176: -1
Case #177: 12 2 3 3 3 3 5 5 7 7 1 1 1
Case #178: -1
Case #179: -1
Case #180: -1
Case #181: 22 2 2 2 2 2 3 3 3 5 5 1 1 1 1 1 1 1 1 1 1 1 1
Case #182: 38 2 2 2 1 1 1 1 1 1 1 1 1 1 1 1 1 1 1 1 1 1 1 1 1 1 1 1 1 1 1 1 1 1 1 1 1 1 1
Case #183: 22 2 2 2 2 2 2 2 2 2 3 5 5 1 1 1 1 1 1 1 1 1 1
Case #184: 21 3 19 1 1 1 1 1 1 1 1 1 1 1 1 1 1 1 1 1 1 1
Case #185: 9 3 31 1 1 1 1 1 1 1
Case #186: 17 2 2 3 3 3 3 3 3 5 7 1 1 1 1 1 1 1
Case #187: 19 2 2 2 2 2 2 3 3 3 3 3 3 5 1 1 1 1 1 1
Case #188: -1
Case #189: 20 2 2 2 2 2 2 2 3 3 3 3 7 1 1 1 1 1 1 1 1
Case #190: 20 2 2 2 2 2 2 2 2 2 3 3 3 3 5 1 1 1 1 1 1
Case #191: 21 2 2 3 5 7 7 1 1 1 1 1 1 1 1 1 1 1 1 1 1 1
Case #192: 35 2 2 2 2 2 2 1 1 1 1 1 1 1 1 1 1 1 1 1 1 1 1 1 1 1 1 1 1 1 1 1 1 1 1 1
Case #193: 14 2 2 2 2 2 2 2 3 19 1 1 1 1 1
Case #194: 20 2 2 2 2 2 2 2 2 2 2 2 3 5 5 1 1 1 1 1 1
Case #195: 13 2 2 3 3 3 3 3 17 1 1 1 1 1
Case #196: 14 2 3 3 5 5 5 5 7 1 1 1 1 1 1
Case #197: 33 2 2 3 5 1 1 1 1 1 1 1 1 1 1 1 1 1 1 1 1 1 1 1 1 1 1 1 1 1 1 1 1 1
Case #198: 16 2 3 5 5 5 11 1 1 1 1 1 1 1 1 1 1
Case #199: -1
Case #200: 18 2 3 3 3 3 3 7 7 1 1 1 1 1 1 1 1 1 1
Case #201: 17 2 2 2 2 3 5 5 5 7 1 1 1 1 1 1 1 1
Case #202: 22 2 2 2 3 3 3 3 5 5 1 1 1 1 1 1 1 1 1 1 1 1 1
Case #203: 19 2 2 2 2 3 5 13 1 1 1 1 1 1 1 1 1 1 1 1
Case #204: 17 2 2 2 2 2 2 2 2 3 3 5 5 5 1 1 1 1
Case #205: 22 2 2 2 2 2 2 2 2 2 3 3 3 3 3 1 1 1 1 1 1 1 1
Case #206: -1
Case #207: 14 2 2 2 2 2 3 5 5 5 5 5 1 1 1
Case #208: 23 2 2 2 2 3 7 7 1 1 1 1 1 1 1 1 1 1 1 1 1 1 1 1
Case #209: 22 2 2 2 5 5 5 5 1 1 1 1 1 1 1 1 1 1 1 1 1 1 1
Case #210: 22 2 2 2 3 5 5 7 1 1 1 1 1 1 1 1 1 1 1 1 1 1 1
Case #211: -1
Case #212: 23 2 2 2 2 2 2 2 2 2 2 2 2 3 3 3 1 1 1 1 1 1 1 1
Case #213: 15 2 2 2 2 2 2 3 3 3 5 11 1 1 1 1
Case #214: 12 2 3 3 3 3 3 3 5 13 1 1 1
Case #215: 12 2 2 2 3 3 3 5 7 11 1 1 1
Case #216: 18 2 2 2 2 2 3 3 3 3 3 3 3 5 1 1 1 1 1
Case #217: 17 2 2 2 2 2 2 3 3 3 3 11 1 1 1 1 1 1
Case #218: 24 2 2 2 2 2 2 2 3 3 7 1 1 1 1 1 1 1 1 1 1 1 1 1 1
Case #219: -1
Case #220: 12 2 2 2 2 2 3 5 5 5 11 1 1
Case #221: 23 2 2 2 2 2 2 2 2 2 2 3 7 1 1 1 1 1 1 1 1 1 1 1
Case #222: 24 2 2 2 2 2 2 2 2 2 3 7 1 1 1 1 1 1 1 1 1 1 1 1 1
Case #223: 17 2 2 3 5 5 13 1 1 1 1 1 1 1 1 1 1 1
Case #224: 17 2 2 3 3 3 3 5 11 1 1 1 1 1 1 1 1 1
Case #225: 34 2 3 5 1 1 1 1 1 1 1 1 1 1 1 1 1 1 1 1 1 1 1 1 1 1 1 1 1 1 1 1 1 1 1
Case #226: 21 2 2 2 2 2 2 2 2 2 2 3 3 7 1 1 1 1 1 1 1 1
Case #227: 27 2 2 2 2 2 2 2 2 2 2 5 1 1 1 1 1 1 1 1 1 1 1 1 1 1 1 1
Case #228: 18 2 2 2 2 2 2 2 2 2 2 2 3 11 1 1 1 1 1
Case #229: 29 5 5 5 1 1 1 1 1 1 1 1 1 1 1 1 1 1 1 1 1 1 1 1 1 1 1 1 1 1
Case #230: 22 2 2 2 2 2 2 2 3 3 5 5 1 1 1 1 1 1 1 1 1 1 1
Case #231: 25 5 13 1 1 1 1 1 1 1 1 1 1 1 1 1 1 1 1 1 1 1 1 1 1 1
Case #232: 10 2 3 3 5 11 13 1 1 1 1
Case #233: 17 2 2 2 2 2 2 3 5 7 7 1 1 1 1 1 1 1
Case #234: 12 2 2 2 2 2 3 3 5 17 1 1 1
Case #235: 29 2 2 3 3 3 5 1 1 1 1 1 1 1 1 1 1 1 1 1 1 1 1 1 1 1 1 1 1 1
Case #236: 16 2 2 2 2 2 5 17 1 1 1 1 1 1 1 1 1
Case #237: 22 2 2 2 2 2 2 2 3 3 3 3 3 3 1 1 1 1 1 1 1 1 1
Case #238: -1
Case #239: 23 2 2 3 3 13 1 1 1 1 1 1 1 1 1 1 1 1 1 1 1 1 1 1
Case #240: 21 2 2 2 2 3 3 7 7 1 1 1 1 1 1 1 1 1 1 1 1 1
Case #241: 25 2 2 2 2 3 3 3 7 1 1 1 1 1 1 1 1 1 1 1 1 1 1 1 1 1
Case #242: 13 2 2 2 2 2 2 3 5 5 7 7 1 1
Case #243: -1
Case #244: 17 2 2 2 2 3 3 3 3 3 11 1 1 1 1 1 1 1
Case #245: 9 2 2 2 2 3 11 17 1 1
Case #246: 15 2 2 2 2 3 3 3 5 7 7 1 1 1 1 1
Case #247: 24 2 2 2 2 2 2 2 2 2 3 3 3 3 1 1 1 1 1 1 1 1 1 1 1
Case #248: 23 2 2 2 2 2 2 2 2 2 2 2 2 7 1 1 1 1 1 1 1 1 1 1
Case #249: 12 2 2 2 2 2 3 5 7 7 7 1 1
Case #250: 16 2 3 3 3 3 5 5 5 5 1 1 1 1 1 1 1
Case #251: -1
Case #252: 12 2 2 2 3 3 5 7 7 7 1 1 1
Case #253: 29 2 2 2 2 2 2 3 3 3 1 1 1 1 1 1 1 1 1 1 1 1 1 1 1 1 1 1 1 1
Case #254: 16 2 2 2 2 2 2 2 2 2 3 3 7 7 1 1 1
Case #255: -1
Case #256: 21 2 2 3 3 3 3 3 5 5 1 1 1 1 1 1 1 1 1 1 1 1
Case #257: 14 2 2 2 2 2 2 2 5 7 11 1 1 1 1
Case #258: -1
Case #259: 31 2 2 2 2 2 2 2 2 3 1 1 1 1 1 1 1 1 1 1 1 1 1 1 1 1 1 1 1 1 1 1
Case #260: 18 2 2 2 2 2 2 2 2 2 3 3 11 1 1 1 1 1 1
Case #261: -1
Case #262: 21 2 2 2 2 2 2 3 7 7 1 1 1 1 1 1 1 1 1 1 1 1
Case #263: 15 2 2 2 2 3 3 3 3 5 5 7 1 1 1 1
Case #264: -1
Case #265: -1
Case #266: 18 2 2 2 2 2 2 2 2 2 2 2 3 3 5 5 1 1 1
Case #267: 29 3 11 1 1 1 1 1 1 1 1 1 1 1 1 1 1 1 1 1 1 1 1 1 1 1 1 1 1 1
Case #268: 14 2 2 2 2 2 3 3 3 3 5 11 1 1 1
Case #269: 28 2 13 1 1 1 1 1 1 1 1 1 1 1 1 1 1 1 1 1 1 1 1 1 1 1 1 1 1
Case #270: 30 2 2 2 2 2 2 2 5 1 1 1 1 1 1 1 1 1 1 1 1 1 1 1 1 1 1 1 1 1 1
Case #271: 19 2 2 2 2 2 2 3 3 3 11 1 1 1 1 1 1 1 1 1
Case #272: 3 3 37 1
Case #273: 21 2 2 3 3 3 3 5 7 1 1 1 1 1 1 1 1 1 1 1 1 1
Case #274: 10 2 2 2 2 2 3 13 13 1 1
Case #275: 20 2 2 2 2 2 2 2 2 2 2 2 2 2 3 7 1 1 1 1 1
Case #276: 21 2 2 5 5 11 1 1 1 1 1 1 1 1 1 1 1 1 1 1 1 1
Case #277: 19 2 2 2 2 3 3 3 7 7 1 1 1 1 1 1 1 1 1 1
Case #278: 18 2 2 2 2 2 3 3 3 3 3 3 7 1 1 1 1 1 1
Case #279: 21 2 2 3 3 3 3 11 1 1 1 1 1 1 1 1 1 1 1 1 1 1
Case #280: 14 2 3 3 3 3 3 3 3 3 5 7 1 1 1
Case #281: 3 5 17 19
Case #282: 15 2 2 3 3 3 3 3 3 3 11 1 1 1 1 1
Case #283: 17 2 2 2 2 2 2 7 13 1 1 1 1 1 1 1 1 1
Case #284: 13 2 2 2 2 2 2 2 2 3 7 13 1 1
Case #285: 18 2 2 2 3 5 5 11 1 1 1 1 1 1 1 1 1 1 1
Case #286: -1
Case #287: 26 2 2 2 13 1 1 1 1 1 1 1 1 1 1 1 1 1 1 1 1 1 1 1 1 1 1
Case #288: 35 7 1 1 1 1 1 1 1 1 1 1 1 1 1 1 1 1 1 1 1 1 1 1 1 1 1 1 1 1 1 1 1 1 1 1
Case #289: 16 2 2 2 2 2 3 3 3 3 7 7 1 1 1 1 1
Case #290: 27 2 2 3 3 3 3 5 1 1 1 1 1 1 1 1 1 1 1 1 1 1 1 1 1 1 1 1
Case #291: -1
Case #292: -1
Case #293: -1
Case #294: 20 2 2 2 3 7 11 1 1 1 1 1 1 1 1 1 1 1 1 1 1
Case #295: 23 2 2 2 2 2 2 2 2 2 2 3 3 5 1 1 1 1 1 1 1 1 1 1
Case #296: 16 2 3 3 3 3 3 5 5 7 1 1 1 1 1 1 1
Case #297: 19 2 2 2 2 2 2 3 5 11 1 1 1 1 1 1 1 1 1 1
Case #298: 25 2 2 2 2 2 2 2 2 2 2 2 2 2 2 3 1 1 1 1 1 1 1 1 1 1
Case #299: 3 17 23 1
Case #300: 18 2 3 3 3 5 7 7 1 1 1 1 1 1 1 1 1 1 1
Case #301: -1
Case #302: -1
Case #303: 18 2 3 3 3 3 3 3 5 7 1 1 1 1 1 1 1 1 1
Case #304: 17 2 2 3 3 3 7 11 1 1 1 1 1 1 1 1 1 1
Case #305: 25 2 2 3 3 11 1 1 1 1 1 1 1 1 1 1 1 1 1 1 1 1 1 1 1 1
Case #306: 19 2 2 2 2 3 7 11 1 1 1 1 1 1 1 1 1 1 1 1
Case #307: -1
Case #308: -1
Case #309: 14 2 2 2 2 2 3 3 3 17 1 1 1 1 1
Case #310: 16 2 2 2 2 2 2 2 2 2 5 7 7 1 1 1 1
Case #311: 23 3 3 3 5 5 5 1 1 1 1 1 1 1 1 1 1 1 1 1 1 1 1 1
Case #312: 17 2 2 2 2 2 2 3 3 3 3 3 5 5 1 1 1 1
Case #313: 16 2 2 2 3 3 3 3 3 3 3 3 3 5 1 1 1
Case #314: 17 2 2 2 2 2 2 2 2 3 3 13 1 1 1 1 1 1
Case #315: 16 2 2 2 2 2 3 3 3 5 11 1 1 1 1 1 1
Case #316: 16 2 2 2 2 2 3 3 3 3 3 3 5 5 1 1 1
Case #317: 24 2 2 2 2 2 2 2 2 2 2 2 2 2 5 1 1 1 1 1 1 1 1 1 1
Case #318: 21 2 2 2 2 2 2 2 2 2 2 2 2 2 2 3 5 1 1 1 1 1
Case #319: 19 2 2 3 3 5 13 1 1 1 1 1 1 1 1 1 1 1 1 1
Case #320: 21 2 2 2 2 3 3 3 3 3 3 5 1 1 1 1 1 1 1 1 1 1
Case #321: 26 2 3 3 3 3 3 5 1 1 1 1 1 1 1 1 1 1 1 1 1 1 1 1 1 1 1
Case #322: 26 2 2 2 2 2 2 2 2 2 7 1 1 1 1 1 1 1 1 1 1 1 1 1 1 1 1
Case #323: 17 2 2 2 2 3 3 3 3 3 3 5 5 1 1 1 1 1
Case #324: 17 2 2 2 2 5 5 5 5 5 1 1 1 1 1 1 1 1
Case #325: 22 2 2 2 2 2 2 2 3 3 3 3 5 1 1 1 1 1 1 1 1 1 1
Case #326: 26 2 3 3 5 7 1 1 1 1 1 1 1 1 1 1 1 1 1 1 1 1 1 1 1 1 1
Case #327: 33 2 2 2 2 5 1 1 1 1 1 1 1 1 1 1 1 1 1 1 1 1 1 1 1 1 1 1 1 1 1 1 1 1
Case #328: 8 2 2 2 3 29 1 1 1
Case #329: 14 2 3 3 3 3 5 5 11 1 1 1 1 1 1
Case #330: 25 2 2 2 2 2 2 3 5 5 1 1 1 1 1 1 1 1 1 1 1 1 1 1 1 1
Case #331: 5 19 19 1 1 1
Case #332: 27 3 3 3 3 3 5 1 1 1 1 1 1 1 1 1 1 1 1 1 1 1 1 1 1 1 1 1
Case #333: 19 2 2 3 5 5 5 7 1 1 1 1 1 1 1 1 1 1 1 1
Case #334: 27 2 2 2 2 3 3 7 1 1 1 1 1 1 1 1 1 1 1 1 1 1 1 1 1 1 1 1
Case #335: 18 2 2 2 2 2 3 3 5 11 1 1 1 1 1 1 1 1 1
Case #336: 18 2 2 2 3 3 5 13 1 1 1 1 1 1 1 1 1 1 1
Case #337: 28 2 3 3 3 3 5 1 1 1 1 1 1 1 1 1 1 1 1 1 1 1 1 1 1 1 1 1 1
Case #338: 20 2 2 2 2 2 3 3 3 3 3 3 3 3 1 1 1 1 1 1 1
Case #339: 23 19 1 1 1 1 1 1 1 1 1 1 1 1 1 1 1 1 1 1 1 1 1 1
Case #340: 21 2 2 2 2 3 3 3 3 3 7 1 1 1 1 1 1 1 1 1 1 1
Case #341: 21 2 2 2 2 2 2 2 2 2 2 2 2 2 2 2 2 2 2 3 1 1
Case #342: -1
Case #343: -1
Case #344: 27 2 2 13 1 1 1 1 1 1 1 1 1 1 1 1 1 1 1 1 1 1 1 1 1 1 1 1
Case #345: 24 2 17 1 1 1 1 1 1 1 1 1 1 1 1 1 1 1 1 1 1 1 1 1 1
Case #346: 23 2 2 2 2 2 2 3 3 3 7 1 1 1 1 1 1 1 1 1 1 1 1 1
Case #347: 29 13 1 1 1 1 1 1 1 1 1 1 1 1 1 1 1 1 1 1 1 1 1 1 1 1 1 1 1 1
Case #348: 33 3 3 3 3 1 1 1 1 1 1 1 1 1 1 1 1 1 1 1 1 1 1 1 1 1 1 1 1 1 1 1 1 1
Case #349: 34 2 2 2 5 1 1 1 1 1 1 1 1 1 1 1 1 1 1 1 1 1 1 1 1 1 1 1 1 1 1 1 1 1 1
Case #350: -1
Case #351: 20 2 3 3 3 3 7 7 1 1 1 1 1 1 1 1 1 1 1 1 1
Case #352: 18 2 3 3 3 7 11 1 1 1 1 1 1 1 1 1 1 1 1
Case #353: 33 5 5 1 1 1 1 1 1 1 1 1 1 1 1 1 1 1 1 1 1 1 1 1 1 1 1 1 1 1 1 1 1 1
Case #354: 19 2 2 2 2 2 2 2 2 3 3 3 5 5 1 1 1 1 1 1
Case #355: -1
Case #356: 21 2 2 3 5 5 5 5 1 1 1 1 1 1 1 1 1 1 1 1 1 1
Case #357: 15 2 2 2 2 3 3 19 1 1 1 1 1 1 1 1
Case #358: -1
Case #359: 17 2 2 2 2 3 3 3 3 5 5 5 1 1 1 1 1 1
Case #360: 20 2 2 2 3 3 3 3 3 3 7 1 1 1 1 1 1 1 1 1 1
Case #361: 25 2 2 2 2 5 5 5 1 1 1 1 1 1 1 1 1 1 1 1 1 1 1 1 1 1
Case #362: 12 2 2 2 3 3 5 19 1 1 1 1 1
Case #363: 18 2 2 2 2 2 2 2 2 2 3 7 7 1 1 1 1 1 1
Case #364: -1
Case #365: 5 37 1 1 1 1
Case #366: -1
Case #367: 15 2 2 2 2 3 3 3 3 3 3 5 7 1 1 1
Case #368: 18 2 2 2 3 3 3 3 7 7 1 1 1 1 1 1 1 1 1
Case #369: 31 3 5 5 1 1 1 1 1 1 1 1 1 1 1 1 1 1 1 1 1 1 1 1 1 1 1 1 1 1 1 1
Case #370: 27 2 2 2 2 2 2 2 2 2 2 2 2 3 1 1 1 1 1 1 1 1 1 1 1 1 1 1
Case #371: 13 2 2 5 5 7 13 1 1 1 1 1 1 1
Case #372: 17 2 2 3 3 3 5 5 5 5 1 1 1 1 1 1 1 1
Case #373: 18 2 3 3 3 5 13 1 1 1 1 1 1 1 1 1 1 1 1
Case #374: 20 2 2 2 2 2 3 3 3 11 1 1 1 1 1 1 1 1 1 1 1
Case #375: 22 2 2 2 2 2 2 2 2 2 2 2 2 2 3 3 3 1 1 1 1 1 1
Case #376: -1
Case #377: 14 2 3 3 3 5 5 13 1 1 1 1 1 1 1
Case #378: 25 2 2 2 2 2 2 2 2 2 2 2 2 5 1 1 1 1 1 1 1 1 1 1 1 1
Case #379: 17 2 2 2 2 2 2 2 2 3 3 3 3 5 5 1 1 1
Case #380: 14 2 2 2 3 3 3 7 13 1 1 1 1 1 1
Case #381: -1
Case #382: 39 2 2 1 1 1 1 1 1 1 1 1 1 1 1 1 1 1 1 1 1 1 1 1 1 1 1 1 1 1 1 1 1 1 1 1 1 1 1 1
Case #383: 11 2 2 2 2 3 3 7 17 1 1 1
Case #384: 16 2 2 2 3 3 7 7 7 1 1 1 1 1 1 1 1
Case #385: 31 2 2 3 7 1 1 1 1 1 1 1 1 1 1 1 1 1 1 1 1 1 1 1 1 1 1 1 1 1 1 1
Case #386: -1
Case #387: 24 2 2 2 2 2 2 2 2 2 2 2 7 1 1 1 1 1 1 1 1 1 1 1 1
Case #388: 21 2 2 2 2 2 2 2 2 2 2 2 2 2 2 7 1 1 1 1 1 1
Case #389: 16 2 3 3 3 7 13 1 1 1 1 1 1 1 1 1 1
Case #390: -1
Case #391: 15 2 2 2 2 5 5 5 5 7 1 1 1 1 1 1
Case #392: 21 2 2 2 2 2 2 2 2 3 11 1 1 1 1 1 1 1 1 1 1 1
Case #393: 20 2 2 2 5 5 11 1 1 1 1 1 1 1 1 1 1 1 1 1 1
Case #394: 18 2 2 2 2 2 2 2 2 2 3 3 3 3 3 5 1 1 1
Case #395: 17 2 2 2 2 2 2 3 3 5 5 7 1 1 1 1 1 1
Case #396: -1
Case #397: 15 2 2 2 2 2 2 2 2 3 17 1 1 1 1 1
Case #398: 28 2 2 2 2 2 3 7 1 1 1 1 1 1 1 1 1 1 1 1 1 1 1 1 1 1 1 1 1
Case #399: 30 2 11 1 1 1 1 1 1 1 1 1 1 1 1 1 1 1 1 1 1 1 1 1 1 1 1 1 1 1 1
Case #400: 17 2 2 23 1 1 1 1 1 1 1 1 1 1 1 1 1 1
Case #401: -1
Case #402: 24 2 2 2 2 2 3 3 3 3 5 1 1 1 1 1 1 1 1 1 1 1 1 1 1
Case #403: 19 2 2 2 2 2 2 3 3 3 5 7 1 1 1 1 1 1 1 1
Case #404: 24 2 2 2 2 2 2 2 3 3 3 3 3 1 1 1 1 1 1 1 1 1 1 1 1
Case #405: 13 2 2 2 2 3 5 7 13 1 1 1 1 1
Case #406: -1
Case #407: 21 2 2 2 2 2 2 2 2 3 5 7 1 1 1 1 1 1 1 1 1 1
Case #408: 21 2 2 2 2 3 3 3 5 7 1 1 1 1 1 1 1 1 1 1 1 1
Case #409: 18 2 2 2 3 3 3 3 3 3 3 3 5 1 1 1 1 1 1
Case #410: 25 2 2 3 3 3 3 7 1 1 1 1 1 1 1 1 1 1 1 1 1 1 1 1 1 1
Case #411: 23 2 2 2 2 2 2 2 2 3 3 3 5 1 1 1 1 1 1 1 1 1 1 1
Case #412: 22 2 2 2 2 2 2 2 2 2 3 3 3 5 1 1 1 1 1 1 1 1 1
Case #413: -1
Case #414: 32 2 2 2 7 1 1 1 1 1 1 1 1 1 1 1 1 1 1 1 1 1 1 1 1 1 1 1 1 1 1 1 1
Case #415: 21 2 2 2 2 2 2 2 2 3 3 3 7 1 1 1 1 1 1 1 1 1
Case #416: 18 2 2 2 3 3 3 3 13 1 1 1 1 1 1 1 1 1 1
Case #417: -1
Case #418: 20 2 2 2 2 2 3 3 7 7 1 1 1 1 1 1 1 1 1 1 1
Case #419: 13 2 2 2 2 3 3 3 19 1 1 1 1 1
Case #420: -1
Case #421: 18 2 2 2 3 3 3 3 3 3 5 5 1 1 1 1 1 1 1
Case #422: 14 2 2 2 2 2 3 3 3 7 11 1 1 1 1
Case #423: 23 2 2 2 2 2 2 2 2 2 2 2 2 2 2 5 1 1 1 1 1 1 1 1
Case #424: 16 2 2 2 3 3 3 3 3 3 5 7 1 1 1 1 1
Case #425: -1
Case #426: 21 2 2 2 2 2 2 2 2 2 2 2 2 3 7 1 1 1 1 1 1 1
Case #427: 13 2 2 3 5 5 7 11 1 1 1 1 1 1
Case #428: 21 2 2 2 2 5 5 5 5 1 1 1 1 1 1 1 1 1 1 1 1 1
Case #429: 21 2 2 3 3 3 3 3 3 3 5 1 1 1 1 1 1 1 1 1 1 1
Case #430: 14 2 2 2 2 2 5 7 7 7 1 1 1 1 1
Case #431: 12 2 2 2 3 3 3 5 5 13 1 1 1
Case #432: 15 2 2 2 2 2 2 2 2 3 3 5 11 1 1 1
Case #433: 20 2 2 2 2 2 2 2 2 2 2 2 2 2 3 3 5 1 1 1 1
Case #434: 24 2 2 2 2 2 3 11 1 1 1 1 1 1 1 1 1 1 1 1 1 1 1 1 1
Case #435: 24 2 2 2 2 2 3 3 3 3 3 3 1 1 1 1 1 1 1 1 1 1 1 1 1
Case #436: 22 2 2 2 2 2 3 3 3 3 3 3 3 1 1 1 1 1 1 1 1 1 1
Case #437: 25 2 2 2 2 2 2 2 2 5 5 1 1 1 1 1 1 1 1 1 1 1 1 1 1 1
Case #438: 29 7 7 1 1 1 1 1 1 1 1 1 1 1 1 1 1 1 1 1 1 1 1 1 1 1 1 1 1 1
Case #439: 21 2 2 2 2 2 2 2 2 2 2 2 2 2 2 3 3 3 1 1 1 1
Case #440: -1
Case #441: -1
Case #442: 19 2 2 2 2 2 2 2 2 3 3 3 3 3 5 1 1 1 1 1
Case #443: 35 3 5 1 1 1 1 1 1 1 1 1 1 1 1 1 1 1 1 1 1 1 1 1 1 1 1 1 1 1 1 1 1 1 1 1
Case #444: 23 2 2 2 2 2 2 2 2 2 2 5 5 1 1 1 1 1 1 1 1 1 1 1
Case #445: -1
Case #446: 16 2 3 5 7 13 1 1 1 1 1 1 1 1 1 1 1
Case #447: -1
Case #448: 15 2 2 2 2 3 5 5 5 5 5 1 1 1 1 1
Case #449: 12 2 2 2 2 2 2 2 3 5 17 1 1
Case #450: -1
Case #451: 20 2 3 7 13 1 1 1 1 1 1 1 1 1 1 1 1 1 1 1 1
Case #452: 13 2 2 3 3 3 5 17 1 1 1 1 1 1
Case #453: 19 2 2 2 2 3 3 3 3 5 7 1 1 1 1 1 1 1 1 1
Case #454: 25 17 1 1 1 1 1 1 1 1 1 1 1 1 1 1 1 1 1 1 1 1 1 1 1 1
Case #455: 17 2 2 2 2 2 2 2 2 3 3 7 7 1 1 1 1 1
Case #456: 22 2 2 2 2 2 3 5 5 5 1 1 1 1 1 1 1 1 1 1 1 1 1
Case #457: 23 2 2 2 2 2 2 2 2 3 3 7 1 1 1 1 1 1 1 1 1 1 1 1
Case #458: -1
Case #459: 21 2 2 2 2 3 3 3 11 1 1 1 1 1 1 1 1 1 1 1 1 1
Case #460: 21 2 2 2 2 3 3 3 3 5 5 1 1 1 1 1 1 1 1 1 1 1
Case #461: 15 2 2 3 3 3 3 3 3 5 5 5 1 1 1 1
Case #462: 15 2 2 2 2 3 3 3 3 3 13 1 1 1 1 1
Case #463: 29 2 2 2 2 2 2 7 1 1 1 1 1 1 1 1 1 1 1 1 1 1 1 1 1 1 1 1 1 1
Case #464: 23 2 2 3 3 3 3 3 7 1 1 1 1 1 1 1 1 1 1 1 1 1 1 1
Case #465: 28 2 3 11 1 1 1 1 1 1 1 1 1 1 1 1 1 1 1 1 1 1 1 1 1 1 1 1 1
Case #466: 21 3 3 3 5 5 7 1 1 1 1 1 1 1 1 1 1 1 1 1 1 1
Case #467: 23 2 2 2 2 2 2 2 2 3 5 5 1 1 1 1 1 1 1 1 1 1 1 1
Case #468: -1
Case #469: 18 2 2 2 2 2 2 2 2 2 3 5 5 5 1 1 1 1 1
Case #470: 18 2 2 2 3 3 3 3 3 11 1 1 1 1 1 1 1 1 1
Case #471: 23 7 13 1 1 1 1 1 1 1 1 1 1 1 1 1 1 1 1 1 1 1 1 1
Case #472: 15 2 2 2 2 3 3 3 5 13 1 1 1 1 1 1
Case #473: -1
Case #474: 17 2 2 2 2 2 2 2 2 2 2 3 3 5 7 1 1 1
Case #475: 23 2 2 2 2 2 2 5 5 5 1 1 1 1 1 1 1 1 1 1 1 1 1 1
Case #476: 20 2 2 2 2 2 3 3 3 3 3 3 5 1 1 1 1 1 1 1 1
Case #477: -1
Case #478: 15 2 2 3 3 5 7 11 1 1 1 1 1 1 1 1
Case #479: 32 2 5 5 1 1 1 1 1 1 1 1 1 1 1 1 1 1 1 1 1 1 1 1 1 1 1 1 1 1 1 1 1
Case #480: 18 2 2 2 2 2 3 3 3 3 5 7 1 1 1 1 1 1 1
Case #481: 30 2 5 7 1 1 1 1 1 1 1 1 1 1 1 1 1 1 1 1 1 1 1 1 1 1 1 1 1 1 1
Case #482: 23 2 2 3 5 5 7 1 1 1 1 1 1 1 1 1 1 1 1 1 1 1 1 1
Case #483: 22 2 2 2 5 7 7 1 1 1 1 1 1 1 1 1 1 1 1 1 1 1 1
Case #484: -1
Case #485: 21 2 2 2 2 2 2 2 2 2 2 2 2 3 3 3 3 1 1 1 1 1
Case #486: 13 29 1 1 1 1 1 1 1 1 1 1 1 1
Case #487: 17 2 2 2 2 2 2 3 5 5 5 5 1 1 1 1 1 1
Case #488: -1
Case #489: 17 2 2 2 2 2 2 2 2 2 2 2 2 3 5 7 1 1
Case #490: 24 2 3 3 3 5 7 1 1 1 1 1 1 1 1 1 1 1 1 1 1 1 1 1 1
Case #491: -1
Case #492: 17 2 2 2 2 3 3 3 5 5 7 1 1 1 1 1 1 1
Case #493: 21 2 2 2 2 2 2 2 2 3 3 5 5 1 1 1 1 1 1 1 1 1
Case #494: 11 2 2 2 2 2 2 3 11 13 1 1
Case #495: 16 2 2 2 3 5 7 11 1 1 1 1 1 1 1 1 1
Case #496: 27 2 2 3 5 7 1 1 1 1 1 1 1 1 1 1 1 1 1 1 1 1 1 1 1 1 1 1
Case #497: 23 2 2 2 2 3 3 3 5 5 1 1 1 1 1 1 1 1 1 1 1 1 1 1
Case #498: -1
Case #499: 20 2 2 2 2 2 2 2 2 2 2 2 3 3 3 5 1 1 1 1 1
Case #500: 18 2 2 2 2 2 2 2 2 2 5 5 7 1 1 1 1 1 1
Case #501: 14 2 2 2 2 2 2 2 3 3 7 11 1 1 1
Case #502: 17 2 2 2 2 2 2 3 17 1 1 1 1 1 1 1 1 1
Case #503: 25 3 3 3 3 3 7 1 1 1 1 1 1 1 1 1 1 1 1 1 1 1 1 1 1 1
Case #504: 16 2 2 2 2 2 3 3 3 3 3 11 1 1 1 1 1
Case #505: 19 2 2 2 2 3 3 5 11 1 1 1 1 1 1 1 1 1 1 1
Case #506: -1
Case #507: 16 2 2 2 2 2 3 3 7 11 1 1 1 1 1 1 1
Case #508: -1
Case #509: 16 2 2 2 2 2 2 2 2 2 3 5 5 7 1 1 1
Case #510: -1
Case #511: 21 11 11 1 1 1 1 1 1 1 1 1 1 1 1 1 1 1 1 1 1 1
Case #512: 14 2 2 2 2 2 2 2 5 5 13 1 1 1 1
Case #513: 27 2 2 2 2 2 2 3 3 5 1 1 1 1 1 1 1 1 1 1 1 1 1 1 1 1 1 1
Case #514: 23 3 3 3 3 3 5 5 1 1 1 1 1 1 1 1 1 1 1 1 1 1 1 1
Case #515: 17 2 2 2 2 3 3 3 3 3 3 3 3 5 1 1 1 1
Case #516: 19 2 2 2 2 3 3 3 13 1 1 1 1 1 1 1 1 1 1 1
Case #517: 21 2 2 2 2 2 2 2 2 2 2 3 3 3 3 3 1 1 1 1 1 1
Case #518: 28 2 2 2 3 3 7 1 1 1 1 1 1 1 1 1 1 1 1 1 1 1 1 1 1 1 1 1 1
Case #519: 16 2 2 2 2 2 2 2 2 2 3 5 11 1 1 1 1
Case #520: 14 2 2 2 2 2 3 3 3 5 13 1 1 1 1
Case #521: -1
Case #522: 20 2 2 2 2 2 2 2 3 3 3 5 5 1 1 1 1 1 1 1 1
Case #523: 19 2 2 2 2 2 2 2 2 3 5 5 5 1 1 1 1 1 1 1
Case #524: -1
Case #525: 9 2 2 2 2 3 5 23 1 1
Case #526: 24 2 2 2 2 2 3 3 5 5 1 1 1 1 1 1 1 1 1 1 1 1 1 1 1
Case #527: 27 2 2 2 2 2 2 3 3 3 3 1 1 1 1 1 1 1 1 1 1 1 1 1 1 1 1 1
Case #528: 10 2 3 3 5 23 1 1 1 1 1
Case #529: 17 2 2 2 2 3 7 7 7 1 1 1 1 1 1 1 1 1
Case #530: -1
Case #531: 28 2 2 2 11 1 1 1 1 1 1 1 1 1 1 1 1 1 1 1 1 1 1 1 1 1 1 1 1
Case #532: -1
Case #533: 31 2 2 3 3 5 1 1 1 1 1 1 1 1 1 1 1 1 1 1 1 1 1 1 1 1 1 1 1 1 1 1
Case #534: 23 2 2 2 2 3 5 5 5 1 1 1 1 1 1 1 1 1 1 1 1 1 1 1
Case #535: 34 2 3 3 3 1 1 1 1 1 1 1 1 1 1 1 1 1 1 1 1 1 1 1 1 1 1 1 1 1 1 1 1 1 1
Case #536: 19 2 2 2 2 2 2 2 2 2 2 3 3 3 3 5 1 1 1 1
Case #537: 26 2 2 2 3 3 5 5 1 1 1 1 1 1 1 1 1 1 1 1 1 1 1 1 1 1 1
Case #538: 11 2 2 2 2 3 5 5 5 13 1 1
Case #539: 21 2 2 2 2 2 2 2 2 2 2 11 1 1 1 1 1 1 1 1 1 1
Case #540: 25 2 2 3 5 5 5 1 1 1 1 1 1 1 1 1 1 1 1 1 1 1 1 1 1 1
Case #541: -1
Case #542: 14 2 3 3 3 5 5 7 7 1 1 1 1 1 1
Case #543: 24 2 2 2 3 3 3 5 5 1 1 1 1 1 1 1 1 1 1 1 1 1 1 1 1
Case #544: -1
Case #545: 19 2 2 2 2 2 2 2 2 5 5 7 1 1 1 1 1 1 1 1
Case #546: 12 2 2 2 2 2 3 5 7 13 1 1 1
Case #547: 37 2 2 2 2 1 1 1 1 1 1 1 1 1 1 1 1 1 1 1 1 1 1 1 1 1 1 1 1 1 1 1 1 1 1 1 1 1
Case #548: -1
Case #549: -1
Case #550: 26 2 3 3 3 3 3 3 3 1 1 1 1 1 1 1 1 1 1 1 1 1 1 1 1 1 1
Case #551: -1
Case #552: 15 2 2 2 2 2 2 3 3 3 5 5 7 1 1 1
Case #553: 13 2 2 2 2 3 5 19 1 1 1 1 1 1
Case #554: -1
Case #555: 21 2 2 2 2 2 2 2 2 5 5 5 1 1 1 1 1 1 1 1 1 1
Case #556: 20 2 2 2 2 2 2 2 3 5 5 5 1 1 1 1 1 1 1 1 1
Case #557: 20 2 2 2 2 2 2 2 3 3 5 7 1 1 1 1 1 1 1 1 1
Case #558: -1
Case #559: -1
Case #560: -1
Case #561: 15 2 2 2 2 3 11 11 1 1 1 1 1 1 1 1
Case #562: 24 2 2 2 2 2 3 5 7 1 1 1 1 1 1 1 1 1 1 1 1 1 1 1 1
Case #563: 22 2 2 2 2 2 2 2 2 2 5 7 1 1 1 1 1 1 1 1 1 1 1
Case #564: 14 2 2 2 3 3 5 7 11 1 1 1 1 1 1
Case #565: 17 2 2 3 3 3 3 3 3 3 3 3 5 1 1 1 1 1
Case #566: -1
Case #567: 25 2 2 2 2 2 2 2 2 3 3 3 3 1 1 1 1 1 1 1 1 1 1 1 1 1
Case #568: 22 2 2 2 2 2 2 2 2 2 2 2 2 2 2 2 3 3 1 1 1 1 1
Case #569: 12 2 3 3 3 5 5 5 5 7 1 1 1
Case #570: 22 2 2 2 3 3 3 3 3 3 3 3 1 1 1 1 1 1 1 1 1 1 1
Case #571: 15 2 2 2 2 3 5 7 11 1 1 1 1 1 1 1
Case #572: 20 2 2 2 2 2 3 5 5 7 1 1 1 1 1 1 1 1 1 1 1
Case #573: 15 2 2 2 2 3 3 3 3 3 5 5 5 1 1 1
Case #574: -1
Case #575: 11 2 2 2 2 2 2 3 5 19 1 1
Case #576: 19 2 2 3 3 3 5 11 1 1 1 1 1 1 1 1 1 1 1 1
Case #577: 14 2 3 3 3 3 3 3 3 5 5 5 1 1 1
Case #578: 16 2 2 2 2 2 3 5 5 5 7 1 1 1 1 1 1
Case #579: 24 2 2 2 2 2 2 2 2 2 5 5 1 1 1 1 1 1 1 1 1 1 1 1 1
Case #580: -1
Case #581: -1
Case #582: -1
Case #583: 15 2 2 3 3 3 3 3 3 7 7 1 1 1 1 1
Case #584: 15 2 2 2 2 2 2 3 5 5 5 7 1 1 1 1
Case #585: 21 2 2 2 2 2 2 3 3 3 3 3 3 3 1 1 1 1 1 1 1 1
Case #586: 31 11 1 1 1 1 1 1 1 1 1 1 1 1 1 1 1 1 1 1 1 1 1 1 1 1 1 1 1 1 1 1
Case #587: 12 2 2 2 3 5 5 5 5 5 5 1 1
Case #588: 34 2 7 1 1 1 1 1 1 1 1 1 1 1 1 1 1 1 1 1 1 1 1 1 1 1 1 1 1 1 1 1 1 1 1
Case #589: -1
Case #590: 25 2 2 2 2 3 3 3 3 5 1 1 1 1 1 1 1 1 1 1 1 1 1 1 1 1
Case #591: 17 2 2 2 2 3 3 3 3 3 5 7 1 1 1 1 1 1
Case #592: 14 2 2 2 3 3 5 5 13 1 1 1 1 1 1
Case #593: 17 2 2 2 2 3 3 5 7 7 1 1 1 1 1 1 1 1
Case #594: 24 2 2 2 2 2 2 2 2 2 2 2 2 2 2 2 3 1 1 1 1 1 1 1 1
Case #595: 16 2 2 2 3 5 5 7 7 1 1 1 1 1 1 1 1
Case #596: -1
Case #597: 26 2 2 2 3 3 3 7 1 1 1 1 1 1 1 1 1 1 1 1 1 1 1 1 1 1 1
Case #598: -1
Case #599: 18 2 2 2 2 2 2 2 3 5 5 7 1 1 1 1 1 1 1
Case #600: 24 2 2 2 2 2 5 5 5 1 1 1 1 1 1 1 1 1 1 1 1 1 1 1 1
Case #601: 25 2 2 2 2 3 3 3 3 3 3 1 1 1 1 1 1 1 1 1 1 1 1 1 1 1
Case #602: -1
Case #603: 17 2 2 2 2 2 2 2 2 2 2 3 13 1 1 1 1 1
Case #604: 8 2 2 2 3 13 17 1 1
Case #605: 27 5 11 1 1 1 1 1 1 1 1 1 1 1 1 1 1 1 1 1 1 1 1 1 1 1 1 1
Case #606: 16 2 2 2 2 2 3 3 5 13 1 1 1 1 1 1 1
Case #607: 19 2 2 2 2 2 2 2 2 2 2 2 2 3 3 3 5 1 1 1
Case #608: 24 2 3 3 3 3 3 3 3 3 1 1 1 1 1 1 1 1 1 1 1 1 1 1 1
Case #609: 15 2 2 2 2 3 3 5 5 11 1 1 1 1 1 1
Case #610: 15 2 2 3 3 3 3 3 3 3 5 7 1 1 1 1
Case #611: -1
Case #612: 13 2 2 2 2 2 2 3 11 11 1 1 1 1
Case #613: 9 2 2 31 1 1 1 1 1 1
Case #614: 20 2 2 2 3 3 5 11 1 1 1 1 1 1 1 1 1 1 1 1 1
Case #615: 12 2 29 1 1 1 1 1 1 1 1 1 1
Case #616: 22 2 2 2 2 2 2 2 2 2 2 2 3 3 3 3 1 1 1 1 1 1 1
Case #617: 7 5 7 7 19 1 1 1
Case #618: 17 2 2 3 3 7 7 7 1 1 1 1 1 1 1 1 1 1
Case #619: 14 2 2 2 5 5 5 7 7 1 1 1 1 1 1
Case #620: -1
Case #621: 20 2 3 3 3 5 5 7 1 1 1 1 1 1 1 1 1 1 1 1 1
Case #622: 32 2 3 7 1 1 1 1 1 1 1 1 1 1 1 1 1 1 1 1 1 1 1 1 1 1 1 1 1 1 1 1 1
Case #623: 13 2 2 2 2 3 3 3 5 5 11 1 1 1
Case #624: 26 2 2 2 2 2 3 5 5 1 1 1 1 1 1 1 1 1 1 1 1 1 1 1 1 1 1
Case #625: 31 5 7 1 1 1 1 1 1 1 1 1 1 1 1 1 1 1 1 1 1 1 1 1 1 1 1 1 1 1 1 1
Case #626: 28 2 2 2 2 2 2 2 3 5 1 1 1 1 1 1 1 1 1 1 1 1 1 1 1 1 1 1 1
Case #627: 17 2 2 3 3 5 5 5 7 1 1 1 1 1 1 1 1 1
Case #628: 18 2 2 2 2 2 3 3 3 7 7 1 1 1 1 1 1 1 1
Case #629: 33 3 7 1 1 1 1 1 1 1 1 1 1 1 1 1 1 1 1 1 1 1 1 1 1 1 1 1 1 1 1 1 1 1
Case #630: 20 2 2 2 2 2 3 5 11 1 1 1 1 1 1 1 1 1 1 1 1
Case #631: -1
Case #632: 16 2 2 2 3 3 3 3 3 5 5 5 1 1 1 1 1
Case #633: 23 2 2 2 2 2 2 2 2 2 2 3 3 3 3 1 1 1 1 1 1 1 1 1
Case #634: 26 2 5 11 1 1 1 1 1 1 1 1 1 1 1 1 1 1 1 1 1 1 1 1 1 1 1
Case #635: 4 2 37 1 1
Case #636: 31 2 2 2 2 2 2 5 1 1 1 1 1 1 1 1 1 1 1 1 1 1 1 1 1 1 1 1 1 1 1 1
Case #637: -1
Case #638: 21 2 2 2 2 3 3 5 5 5 1 1 1 1 1 1 1 1 1 1 1 1
Case #639: -1
Case #640: 15 2 2 2 2 2 2 2 2 3 5 13 1 1 1 1
Case #641: 13 2 2 5 5 7 7 7 1 1 1 1 1 1
Case #642: -1
Case #643: 16 2 2 2 5 5 5 11 1 1 1 1 1 1 1 1 1
Case #644: 12 2 2 2 2 2 2 2 3 11 11 1 1
Case #645: 14 2 2 2 2 2 2 2 3 5 5 11 1 1 1
Case #646: 20 2 2 2 2 2 2 2 5 11 1 1 1 1 1 1 1 1 1 1 1
Case #647: 19 2 2 2 2 2 2 3 5 5 7 1 1 1 1 1 1 1 1 1
Case #648: 14 2 2 2 3 3 3 3 5 13 1 1 1 1 1
Case #649: 16 2 2 2 2 2 2 2 3 3 3 7 7 1 1 1 1
Case #650: -1
Case #651: 20 2 3 3 5 7 7 1 1 1 1 1 1 1 1 1 1 1 1 1 1
Case #652: 19 2 2 2 2 3 3 3 3 3 3 7 1 1 1 1 1 1 1 1
Case #653: 21 2 2 2 2 2 2 2 2 2 2 3 3 3 5 1 1 1 1 1 1 1
Case #654: 26 2 2 2 3 3 3 3 5 1 1 1 1 1 1 1 1 1 1 1 1 1 1 1 1 1 1
Case #655: 21 2 2 2 2 2 2 2 2 3 3 3 3 3 3 1 1 1 1 1 1 1
Case #656: 25 3 3 13 1 1 1 1 1 1 1 1 1 1 1 1 1 1 1 1 1 1 1 1 1 1
Case #657: 11 2 2 2 2 3 5 5 7 11 1 1
Case #658: -1
Case #659: 15 2 2 3 3 3 5 5 11 1 1 1 1 1 1 1
Case #660: 13 2 2 3 3 3 3 3 5 13 1 1 1 1
Case #661: -1
Case #662: -1
Case #663: 25 3 3 7 7 1 1 1 1 1 1 1 1 1 1 1 1 1 1 1 1 1 1 1 1 1
Case #664: 28 2 7 7 1 1 1 1 1 1 1 1 1 1 1 1 1 1 1 1 1 1 1 1 1 1 1 1 1
Case #665: -1
Case #666: -1
Case #667: 20 2 2 2 2 2 5 5 5 5 1 1 1 1 1 1 1 1 1 1 1
Case #668: 12 2 2 2 2 2 3 3 11 11 1 1 1
Case #669: 28 2 2 2 2 2 3 3 5 1 1 1 1 1 1 1 1 1 1 1 1 1 1 1 1 1 1 1 1
Case #670: 20 2 2 2 2 2 2 2 2 2 3 5 7 1 1 1 1 1 1 1 1
Case #671: 22 2 2 2 2 2 2 2 2 2 3 3 7 1 1 1 1 1 1 1 1 1 1
Case #672: 22 2 2 2 2 2 2 2 2 2 2 2 3 3 5 1 1 1 1 1 1 1 1
Case #673: 18 2 2 2 2 2 3 5 5 5 5 1 1 1 1 1 1 1 1
Case #674: 15 2 2 2 2 2 2 3 3 5 7 7 1 1 1 1
Case #675: -1
Case #676: 22 2 2 2 2 2 2 2 5 5 5 1 1 1 1 1 1 1 1 1 1 1 1
Case #677: 14 2 2 2 2 2 5 7 13 1 1 1 1 1 1
Case #678: 28 2 2 2 2 2 2 2 2 2 5 1 1 1 1 1 1 1 1 1 1 1 1 1 1 1 1 1 1
Case #679: 19 2 2 2 2 3 3 5 5 7 1 1 1 1 1 1 1 1 1 1
Case #680: 17 2 2 2 2 2 2 2 2 2 2 3 7 7 1 1 1 1
Case #681: 20 2 3 3 3 3 3 11 1 1 1 1 1 1 1 1 1 1 1 1 1
Case #682: 20 2 2 2 2 2 3 3 3 3 5 5 1 1 1 1 1 1 1 1 1
Case #683: 23 2 2 17 1 1 1 1 1 1 1 1 1 1 1 1 1 1 1 1 1 1 1 1
Case #684: 29 3 3 3 7 1 1 1 1 1 1 1 1 1 1 1 1 1 1 1 1 1 1 1 1 1 1 1 1 1
Case #685: 21 5 17 1 1 1 1 1 1 1 1 1 1 1 1 1 1 1 1 1 1 1
Case #686: 19 2 2 2 2 2 2 3 3 5 5 5 1 1 1 1 1 1 1 1
Case #687: 26 2 2 2 2 2 3 3 3 3 3 1 1 1 1 1 1 1 1 1 1 1 1 1 1 1 1
Case #688: 15 2 2 3 3 3 5 5 5 7 1 1 1 1 1 1
Case #689: 18 2 2 2 2 2 2 2 3 3 3 3 3 7 1 1 1 1 1
Case #690: 22 2 3 17 1 1 1 1 1 1 1 1 1 1 1 1 1 1 1 1 1 1 1
Case #691: 20 2 3 3 7 11 1 1 1 1 1 1 1 1 1 1 1 1 1 1 1
Case #692: 24 2 2 2 2 2 2 2 2 2 3 3 5 1 1 1 1 1 1 1 1 1 1 1 1
Case #693: 18 2 2 2 2 2 2 2 3 3 3 3 3 3 5 1 1 1 1
Case #694: 12 2 2 2 3 7 7 13 1 1 1 1 1
Case #695: 16 2 2 2 3 3 3 3 3 7 7 1 1 1 1 1 1
Case #696: 22 2 2 2 2 2 2 2 2 2 2 2 2 2 2 2 2 2 3 1 1 1 1
Case #697: 10 2 2 2 3 5 5 7 13 1 1
Case #698: 17 2 2 2 2 2 2 2 2 2 2 5 5 7 1 1 1 1
Case #699: 21 2 2 2 2 3 5 11 1 1 1 1 1 1 1 1 1 1 1 1 1 1
Case #700: 22 2 2 2 2 2 2 2 2 2 2 2 2 2 2 2 2 2 2 2 1 1 1
Case #701: 15 2 2 2 2 2 2 3 3 5 13 1 1 1 1 1
Case #702: 17 2 2 2 2 2 2 2 2 3 3 3 11 1 1 1 1 1
Case #703: 19 2 2 3 3 3 3 3 5 7 1 1 1 1 1 1 1 1 1 1
Case #704: 14 2 2 2 3 3 3 3 7 11 1 1 1 1 1
Case #705: 18 2 3 3 3 3 3 3 3 3 3 5 1 1 1 1 1 1 1
Case #706: 25 2 2 2 2 2 2 2 2 3 7 1 1 1 1 1 1 1 1 1 1 1 1 1 1 1
Case #707: 22 2 2 2 2 2 3 3 3 3 3 5 1 1 1 1 1 1 1 1 1 1 1
Case #708: 28 2 2 2 2 2 2 2 2 2 2 2 3 1 1 1 1 1 1 1 1 1 1 1 1 1 1 1 1
Case #709: 10 2 3 3 5 5 19 1 1 1 1
Case #710: 25 2 2 3 3 3 3 3 3 3 1 1 1 1 1 1 1 1 1 1 1 1 1 1 1 1
Case #711: -1
Case #712: -1
Case #713: -1
Case #714: -1
Case #715: 22 2 2 2 2 2 2 2 2 2 2 2 2 2 3 5 1 1 1 1 1 1 1
Case #716: 33 2 2 7 1 1 1 1 1 1 1 1 1 1 1 1 1 1 1 1 1 1 1 1 1 1 1 1 1 1 1 1 1 1
Case #717: 22 2 2 2 2 2 3 7 7 1 1 1 1 1 1 1 1 1 1 1 1 1 1
Case #718: 35 2 2 2 2 3 1 1 1 1 1 1 1 1 1 1 1 1 1 1 1 1 1 1 1 1 1 1 1 1 1 1 1 1 1 1
Case #719: 16 2 2 2 2 2 2 2 3 3 3 3 5 7 1 1 1
Case #720: -1
Case #721: 11 3 29 1 1 1 1 1 1 1 1 1
Case #722: 16 2 2 2 3 3 3 5 5 5 5 1 1 1 1 1 1
Case #723: -1
Case #724: 23 2 2 2 2 2 2 3 5 7 1 1 1 1 1 1 1 1 1 1 1 1 1 1
Case #725: -1
Case #726: 15 2 2 2 2 3 3 3 5 5 5 5 1 1 1 1
Case #727: 13 5 7 19 1 1 1 1 1 1 1 1 1 1
Case #728: 13 2 2 2 2 3 3 5 5 7 7 1 1 1
Case #729: 16 2 3 3 5 7 11 1 1 1 1 1 1 1 1 1 1
Case #730: 18 2 2 2 2 2 3 3 3 3 3 5 5 1 1 1 1 1 1
Case #731: 31 3 3 3 5 1 1 1 1 1 1 1 1 1 1 1 1 1 1 1 1 1 1 1 1 1 1 1 1 1 1 1
Case #732: -1
Case #733: -1
Case #734: 23 2 2 2 2 2 2 2 2 2 2 2 2 2 2 3 3 1 1 1 1 1 1 1
Case #735: 23 3 17 1 1 1 1 1 1 1 1 1 1 1 1 1 1 1 1 1 1 1 1 1
Case #736: 13 2 2 2 2 2 2 5 7 13 1 1 1 1
Case #737: 12 2 3 3 5 5 5 13 1 1 1 1 1
Case #738: 15 2 2 2 2 7 17 1 1 1 1 1 1 1 1 1
Case #739: 25 2 2 2 2 3 5 7 1 1 1 1 1 1 1 1 1 1 1 1 1 1 1 1 1 1
Case #740: 18 2 3 5 7 11 1 1 1 1 1 1 1 1 1 1 1 1 1
Case #741: -1
Case #742: 8 2 2 2 3 7 23 1 1
Case #743: 32 2 2 2 2 2 3 3 1 1 1 1 1 1 1 1 1 1 1 1 1 1 1 1 1 1 1 1 1 1 1 1 1
Case #744: 39 3 1 1 1 1 1 1 1 1 1 1 1 1 1 1 1 1 1 1 1 1 1 1 1 1 1 1 1 1 1 1 1 1 1 1 1 1 1 1
Case #745: 24 2 2 2 3 3 3 3 7 1 1 1 1 1 1 1 1 1 1 1 1 1 1 1 1
Case #746: 16 2 2 2 2 2 3 3 3 3 5 5 5 1 1 1 1
Case #747: 15 2 2 2 2 2 2 2 2 3 5 5 5 5 1 1
Case #748: 26 2 2 2 2 2 2 2 2 2 2 2 3 3 1 1 1 1 1 1 1 1 1 1 1 1 1
Case #749: -1
Case #750: -1
Case #751: 17 2 2 3 3 3 5 7 7 1 1 1 1 1 1 1 1 1
Case #752: 16 2 2 2 2 2 2 2 3 5 7 7 1 1 1 1 1
Case #753: 19 2 2 2 2 2 2 2 2 3 3 5 7 1 1 1 1 1 1 1
Case #754: 22 2 3 3 3 3 3 5 5 1 1 1 1 1 1 1 1 1 1 1 1 1 1
Case #755: 17 2 2 2 2 3 3 3 3 7 7 1 1 1 1 1 1 1
Case #756: 15 2 2 2 2 3 3 7 7 7 1 1 1 1 1 1
Case #757: 22 2 2 2 3 3 7 7 1 1 1 1 1 1 1 1 1 1 1 1 1 1 1
Case #758: 22 2 2 2 2 2 3 3 5 7 1 1 1 1 1 1 1 1 1 1 1 1 1
Case #759: 12 2 3 3 3 3 3 5 5 11 1 1 1
Case #760: 22 2 2 2 2 2 2 2 2 2 2 2 2 2 7 1 1 1 1 1 1 1 1
Case #761: 10 2 3 3 5 7 17 1 1 1 1
Case #762: 10 2 2 2 3 7 11 11 1 1 1
Case #763: 20 2 5 17 1 1 1 1 1 1 1 1 1 1 1 1 1 1 1 1 1
Case #764: -1
Case #765: 13 2 2 2 2 2 2 3 3 7 13 1 1 1
Case #766: 34 2 2 2 2 2 3 1 1 1 1 1 1 1 1 1 1 1 1 1 1 1 1 1 1 1 1 1 1 1 1 1 1 1 1
Case #767: 36 2 3 3 1 1 1 1 1 1 1 1 1 1 1 1 1 1 1 1 1 1 1 1 1 1 1 1 1 1 1 1 1 1 1 1 1
Case #768: 18 2 2 2 2 2 2 2 2 2 3 3 3 5 5 1 1 1 1
Case #769: 40 2 1 1 1 1 1 1 1 1 1 1 1 1 1 1 1 1 1 1 1 1 1 1 1 1 1 1 1 1 1 1 1 1 1 1 1 1 1 1 1
Case #770: 14 2 2 2 3 3 3 3 3 5 5 7 1 1 1
Case #771: 23 2 2 2 2 2 2 3 3 3 3 5 1 1 1 1 1 1 1 1 1 1 1 1
Case #772: 26 2 2 2 2 2 2 2 2 2 2 2 5 1 1 1 1 1 1 1 1 1 1 1 1 1 1
Case #773: -1
Case #774: 26 2 2 2 2 2 2 2 3 7 1 1 1 1 1 1 1 1 1 1 1 1 1 1 1 1 1
Case #775: 22 2 2 2 3 3 5 5 5 1 1 1 1 1 1 1 1 1 1 1 1 1 1
Case #776: 10 2 3 3 3 5 11 11 1 1 1
Case #777: 17 3 23 1 1 1 1 1 1 1 1 1 1 1 1 1 1 1
Case #778: 20 2 2 2 2 2 2 2 3 3 3 3 3 5 1 1 1 1 1 1 1
Case #779: 19 2 2 2 2 2 2 5 7 7 1 1 1 1 1 1 1 1 1 1
Case #780: 22 2 2 2 2 2 2 2 2 2 2 2 2 2 2 2 5 1 1 1 1 1 1
Case #781: 26 2 2 2 2 2 2 2 2 2 3 5 1 1 1 1 1 1 1 1 1 1 1 1 1 1 1
Case #782: 17 2 2 2 2 3 3 3 3 3 3 3 7 1 1 1 1 1
Case #783: -1
Case #784: 17 2 2 2 2 2 2 3 3 3 3 3 3 3 5 1 1 1
Case #785: 17 2 2 3 3 3 17 1 1 1 1 1 1 1 1 1 1 1
Case #786: 30 2 3 3 7 1 1 1 1 1 1 1 1 1 1 1 1 1 1 1 1 1 1 1 1 1 1 1 1 1 1
Case #787: 7 5 5 11 17 1 1 1
Case #788: 7 17 19 1 1 1 1 1
Case #789: -1
Case #790: 14 2 2 2 3 3 3 3 17 1 1 1 1 1 1
Case #791: 20 2 2 2 2 2 2 2 2 2 3 3 3 7 1 1 1 1 1 1 1
Case #792: 21 2 2 2 2 2 2 2 2 2 2 2 2 2 2 2 2 2 2 2 2 1
Case #793: -1
Case #794: 13 2 2 3 3 3 3 5 5 11 1 1 1 1
Case #795: 29 2 2 3 5 5 1 1 1 1 1 1 1 1 1 1 1 1 1 1 1 1 1 1 1 1 1 1 1 1
Case #796: 27 3 3 3 3 7 1 1 1 1 1 1 1 1 1 1 1 1 1 1 1 1 1 1 1 1 1 1
Case #797: 21 3 3 3 3 3 3 3 3 5 1 1 1 1 1 1 1 1 1 1 1 1
Case #798: 33 2 2 3 3 3 1 1 1 1 1 1 1 1 1 1 1 1 1 1 1 1 1 1 1 1 1 1 1 1 1 1 1 1
Case #799: -1
Case #800: -1
Case #801: -1
Case #802: 16 2 2 2 2 2 3 3 17 1 1 1 1 1 1 1 1
Case #803: 17 2 2 2 2 2 2 2 2 3 5 5 7 1 1 1 1 1
Case #804: 27 2 2 3 3 5 5 1 1 1 1 1 1 1 1 1 1 1 1 1 1 1 1 1 1 1 1 1
Case #805: 16 2 2 2 2 2 3 19 1 1 1 1 1 1 1 1 1
Case #806: 21 2 2 2 2 2 2 2 2 2 2 3 5 5 1 1 1 1 1 1 1 1
Case #807: 28 2 2 2 3 3 3 3 3 1 1 1 1 1 1 1 1 1 1 1 1 1 1 1 1 1 1 1 1
Case #808: 27 3 3 11 1 1 1 1 1 1 1 1 1 1 1 1 1 1 1 1 1 1 1 1 1 1 1 1
Case #809: 14 2 2 2 3 3 3 7 7 7 1 1 1 1 1
Case #810: 11 2 2 3 3 7 19 1 1 1 1 1
Case #811: 17 2 2 3 5 7 11 1 1 1 1 1 1 1 1 1 1 1
Case #812: 19 2 2 2 2 2 2 2 2 2 2 3 3 5 5 1 1 1 1 1
Case #813: 12 2 2 2 3 7 7 7 7 1 1 1 1
Case #814: 14 2 2 2 2 2 3 3 3 5 7 7 1 1 1
Case #815: -1
Case #816: 13 2 2 3 3 5 5 5 11 1 1 1 1 1
Case #817: 23 2 2 3 3 7 7 1 1 1 1 1 1 1 1 1 1 1 1 1 1 1 1 1
Case #818: 15 2 2 2 2 2 2 2 2 2 2 3 5 11 1 1
Case #819: -1
Case #820: 32 2 2 2 3 5 1 1 1 1 1 1 1 1 1 1 1 1 1 1 1 1 1 1 1 1 1 1 1 1 1 1 1
Case #821: 14 2 2 2 2 2 2 2 2 2 3 7 11 1 1
Case #822: 24 2 3 3 5 5 5 1 1 1 1 1 1 1 1 1 1 1 1 1 1 1 1 1 1
Case #823: 29 2 2 2 2 2 2 2 2 3 3 1 1 1 1 1 1 1 1 1 1 1 1 1 1 1 1 1 1 1
Case #824: -1
Case #825: 21 2 2 2 2 2 2 3 3 3 3 3 5 1 1 1 1 1 1 1 1 1
Case #826: 19 2 2 2 2 3 3 3 3 3 3 3 3 3 1 1 1 1 1 1
Case #827: 20 2 2 2 3 3 3 3 3 5 5 1 1 1 1 1 1 1 1 1 1
Case #828: -1
Case #829: 14 2 2 2 2 2 3 3 5 5 11 1 1 1 1
Case #830: 19 5 19 1 1 1 1 1 1 1 1 1 1 1 1 1 1 1 1 1
Case #831: 16 2 2 2 3 3 3 5 7 7 1 1 1 1 1 1 1
Case #832: 15 2 2 2 2 2 2 3 5 5 11 1 1 1 1 1
Case #833: 20 2 2 2 3 3 3 3 3 3 3 3 3 1 1 1 1 1 1 1 1
Case #834: 18 2 3 3 5 5 5 7 1 1 1 1 1 1 1 1 1 1 1
Case #835: 19 2 2 2 2 3 3 3 3 3 5 5 1 1 1 1 1 1 1 1
Case #836: 19 23 1 1 1 1 1 1 1 1 1 1 1 1 1 1 1 1 1 1
Case #837: 19 2 2 2 2 2 2 3 3 3 3 3 7 1 1 1 1 1 1 1
Case #838: 21 2 2 19 1 1 1 1 1 1 1 1 1 1 1 1 1 1 1 1 1 1
Case #839: 31 2 2 2 2 2 2 3 3 1 1 1 1 1 1 1 1 1 1 1 1 1 1 1 1 1 1 1 1 1 1 1
Case #840: 16 2 2 2 2 2 2 2 5 5 5 7 1 1 1 1 1
Case #841: 10 2 2 2 3 11 17 1 1 1 1
Case #842: 13 2 2 2 2 3 3 11 11 1 1 1 1 1
Case #843: 27 2 2 2 2 2 2 2 2 2 2 3 3 1 1 1 1 1 1 1 1 1 1 1 1 1 1 1
Case #844: 25 2 2 2 2 2 2 3 3 3 5 1 1 1 1 1 1 1 1 1 1 1 1 1 1 1
Case #845: -1
Case #846: -1
Case #847: -1
Case #848: 37 3 3 1 1 1 1 1 1 1 1 1 1 1 1 1 1 1 1 1 1 1 1 1 1 1 1 1 1 1 1 1 1 1 1 1 1 1
Case #849: 17 2 2 2 2 2 2 7 7 7 1 1 1 1 1 1 1 1
Case #850: -1
Case #851: 14 2 3 3 3 3 3 5 13 1 1 1 1 1 1
Case #852: -1
Case #853: -1
Case #854: 35 2 2 5 1 1 1 1 1 1 1 1 1 1 1 1 1 1 1 1 1 1 1 1 1 1 1 1 1 1 1 1 1 1 1 1
Case #855: 22 2 19 1 1 1 1 1 1 1 1 1 1 1 1 1 1 1 1 1 1 1 1
Case #856: 18 2 2 2 2 2 2 2 3 3 5 5 5 1 1 1 1 1 1
Case #857: -1
Case #858: 3 11 13 17
Case #859: 6 2 17 19 1 1 1
Case #860: 16 2 2 2 3 3 3 3 5 11 1 1 1 1 1 1 1
Case #861: 17 2 2 3 3 5 5 11 1 1 1 1 1 1 1 1 1 1
Case #862: 18 2 2 2 2 2 2 2 2 2 3 3 5 7 1 1 1 1 1
Case #863: 21 2 2 2 2 2 2 2 2 7 7 1 1 1 1 1 1 1 1 1 1 1
Case #864: 16 2 2 2 3 3 5 5 11 1 1 1 1 1 1 1 1
Case #865: 18 2 2 2 3 3 3 3 3 3 3 3 3 3 1 1 1 1 1
Case #866: 18 2 2 2 3 3 5 5 5 5 1 1 1 1 1 1 1 1 1
Case #867: 17 2 2 7 7 11 1 1 1 1 1 1 1 1 1 1 1 1
Case #868: 26 2 2 2 2 2 2 2 2 2 3 3 3 1 1 1 1 1 1 1 1 1 1 1 1 1 1
Case #869: 11 2 2 3 3 3 5 19 1 1 1 1
Case #870: 20 2 2 2 2 2 2 2 3 7 7 1 1 1 1 1 1 1 1 1 1
Case #871: 36 2 2 2 3 1 1 1 1 1 1 1 1 1 1 1 1 1 1 1 1 1 1 1 1 1 1 1 1 1 1 1 1 1 1 1 1
Case #872: 14 2 3 3 5 5 5 11 1 1 1 1 1 1 1
Case #873: -1
Case #874: 20 2 2 2 2 2 3 3 3 3 3 7 1 1 1 1 1 1 1 1 1
Case #875: 13 2 2 3 3 5 7 13 1 1 1 1 1 1
Case #876: -1
Case #877: 19 2 2 2 2 2 2 2 2 2 2 5 5 5 1 1 1 1 1 1
Case #878: 18 2 2 2 2 2 2 2 3 3 3 11 1 1 1 1 1 1 1
Case #879: 16 2 2 2 2 2 3 3 3 5 5 7 1 1 1 1 1
Case #880: -1
Case #881: 10 2 3 3 5 7 7 11 1 1 1
Case #882: -1
Case #883: -1
Case #884: 18 2 2 2 2 2 2 2 2 2 2 2 5 5 5 1 1 1 1
Case #885: 15 2 2 2 2 5 19 1 1 1 1 1 1 1 1 1
Case #886: 25 3 3 3 3 5 5 1 1 1 1 1 1 1 1 1 1 1 1 1 1 1 1 1 1 1
Case #887: 20 2 2 2 2 2 2 2 2 2 3 3 5 5 1 1 1 1 1 1 1
Case #888: -1
Case #889: -1
Case #890: 23 2 2 2 2 3 3 5 7 1 1 1 1 1 1 1 1 1 1 1 1 1 1 1
Case #891: -1
Case #892: 26 2 2 2 2 2 2 2 2 2 2 2 2 2 3 1 1 1 1 1 1 1 1 1 1 1 1
Case #893: 18 2 2 2 2 2 3 3 3 3 11 1 1 1 1 1 1 1 1
Case #894: 20 2 3 3 3 3 3 3 3 3 5 1 1 1 1 1 1 1 1 1 1
Case #895: 26 2 2 2 2 2 2 2 3 3 3 3 1 1 1 1 1 1 1 1 1 1 1 1 1 1 1
Case #896: -1
Case #897: -1
Case #898: 16 2 2 2 2 2 3 3 3 3 13 1 1 1 1 1 1
Case #899: -1
Case #900: 23 2 2 2 2 2 2 2 2 3 3 3 3 3 1 1 1 1 1 1 1 1 1 1
Case #901: 17 2 2 2 2 2 2 3 3 5 11 1 1 1 1 1 1 1
Case #902: 24 2 2 2 3 3 11 1 1 1 1 1 1 1 1 1 1 1 1 1 1 1 1 1 1
Case #903: 21 2 2 2 2 2 2 3 3 5 7 1 1 1 1 1 1 1 1 1 1 1
Case #904: -1
Case #905: 18 2 3 3 3 5 5 5 5 1 1 1 1 1 1 1 1 1 1
Case #906: 22 2 3 3 3 3 3 3 3 5 1 1 1 1 1 1 1 1 1 1 1 1 1
Case #907: 24 2 3 3 3 3 3 3 5 1 1 1 1 1 1 1 1 1 1 1 1 1 1 1 1
Case #908: 12 2 2 2 3 3 5 5 5 11 1 1 1
Case #909: -1
Case #910: 18 2 2 2 2 2 2 2 3 3 3 3 5 5 1 1 1 1 1
Case #911: 19 2 2 3 3 3 3 7 7 1 1 1 1 1 1 1 1 1 1 1
Case #912: 19 7 17 1 1 1 1 1 1 1 1 1 1 1 1 1 1 1 1 1
Case #913: -1
Case #914: -1
Case #915: 18 2 2 2 3 5 5 5 7 1 1 1 1 1 1 1 1 1 1
Case #916: 10 2 3 3 5 5 7 13 1 1 1
Case #917: 21 2 2 2 2 2 2 3 3 3 5 5 1 1 1 1 1 1 1 1 1 1
Case #918: 15 2 2 2 2 3 3 3 3 5 11 1 1 1 1 1
Case #919: 26 2 2 2 2 2 3 3 7 1 1 1 1 1 1 1 1 1 1 1 1 1 1 1 1 1 1
Case #920: 14 2 2 2 2 2 2 2 3 7 13 1 1 1 1
Case #921: 33 3 3 5 1 1 1 1 1 1 1 1 1 1 1 1 1 1 1 1 1 1 1 1 1 1 1 1 1 1 1 1 1 1
Case #922: 19 2 2 3 3 5 5 5 5 1 1 1 1 1 1 1 1 1 1 1
Case #923: 21 2 2 3 3 3 5 5 5 1 1 1 1 1 1 1 1 1 1 1 1 1
Case #924: -1
Case #925: 34 2 2 2 2 2 2 2 1 1 1 1 1 1 1 1 1 1 1 1 1 1 1 1 1 1 1 1 1 1 1 1 1 1 1
Case #926: 14 2 2 2 2 2 3 3 5 5 5 7 1 1 1
Case #927: 34 2 2 2 3 3 1 1 1 1 1 1 1 1 1 1 1 1 1 1 1 1 1 1 1 1 1 1 1 1 1 1 1 1 1
Case #928: 27 2 2 2 2 3 3 3 5 1 1 1 1 1 1 1 1 1 1 1 1 1 1 1 1 1 1 1
Case #929: -1
Case #930: -1
Case #931: 23 2 2 2 2 2 2 2 2 2 2 2 2 3 5 1 1 1 1 1 1 1 1 1
Case #932: 23 2 2 2 2 3 3 3 3 3 5 1 1 1 1 1 1 1 1 1 1 1 1 1
Case #933: 19 2 2 2 2 3 17 1 1 1 1 1 1 1 1 1 1 1 1 1
Case #934: 11 2 2 2 2 2 2 3 7 17 1 1
Case #935: -1
Case #936: 24 2 2 2 2 2 2 2 2 2 2 2 3 5 1 1 1 1 1 1 1 1 1 1 1
Case #937: 20 2 2 2 3 3 3 3 3 3 3 5 1 1 1 1 1 1 1 1 1
Case #938: 16 2 2 2 3 3 7 13 1 1 1 1 1 1 1 1 1
Case #939: 20 2 2 2 2 2 2 2 2 2 2 2 2 2 2 2 2 2 5 1 1
Case #940: 18 2 2 2 3 3 3 5 5 7 1 1 1 1 1 1 1 1 1
Case #941: 21 2 2 2 2 2 2 3 5 5 5 1 1 1 1 1 1 1 1 1 1 1
Case #942: 28 2 2 2 2 2 2 2 3 3 3 1 1 1 1 1 1 1 1 1 1 1 1 1 1 1 1 1 1
Case #943: 13 2 2 2 2 3 3 3 3 5 13 1 1 1
Case #944: 38 2 3 1 1 1 1 1 1 1 1 1 1 1 1 1 1 1 1 1 1 1 1 1 1 1 1 1 1 1 1 1 1 1 1 1 1 1 1
Case #945: 13 2 2 2 2 2 2 3 5 17 1 1 1 1
Case #946: 16 2 2 2 2 2 2 2 3 3 3 13 1 1 1 1 1
Case #947: 21 3 3 5 5 5 5 1 1 1 1 1 1 1 1 1 1 1 1 1 1 1
Case #948: 23 3 3 3 7 7 1 1 1 1 1 1 1 1 1 1 1 1 1 1 1 1 1 1
Case #949: 18 2 2 2 2 2 5 5 5 7 1 1 1 1 1 1 1 1 1
Case #950: 24 2 2 2 2 2 2 2 2 2 2 2 2 2 3 3 1 1 1 1 1 1 1 1 1
Case #951: -1
Case #952: 15 5 23 1 1 1 1 1 1 1 1 1 1 1 1 1
Case #953: 17 2 2 2 2 3 3 3 5 11 1 1 1 1 1 1 1 1
Case #954: 28 2 2 2 2 2 3 3 3 3 1 1 1 1 1 1 1 1 1 1 1 1 1 1 1 1 1 1 1
Case #955: 25 2 2 2 2 2 2 3 3 7 1 1 1 1 1 1 1 1 1 1 1 1 1 1 1 1
Case #956: 11 2 2 2 2 3 7 7 7 7 1 1
Case #957: 23 2 2 3 3 3 5 7 1 1 1 1 1 1 1 1 1 1 1 1 1 1 1 1
Case #958: 15 2 2 2 2 3 5 5 7 7 1 1 1 1 1 1
Case #959: 23 2 2 3 5 11 1 1 1 1 1 1 1 1 1 1 1 1 1 1 1 1 1 1
Case #960: 24 2 3 3 3 3 5 5 1 1 1 1 1 1 1 1 1 1 1 1 1 1 1 1 1
Case #961: 17 2 2 3 3 3 3 3 7 7 1 1 1 1 1 1 1 1
Case #962: 28 2 2 2 2 2 2 2 2 2 3 3 1 1 1 1 1 1 1 1 1 1 1 1 1 1 1 1 1
Case #963: 20 2 2 2 3 3 3 3 11 1 1 1 1 1 1 1 1 1 1 1 1
Case #964: 18 2 23 1 1 1 1 1 1 1 1 1 1 1 1 1 1 1 1
Case #965: 20 2 2 2 2 2 3 3 3 5 7 1 1 1 1 1 1 1 1 1 1
