Case #1: 6 7 7 5 6 8 8
Case #2: 6 14 7 5 6 6 3
Case #3: 6 6 3 8 8 8 8
Case #4: 4 21 12 6 2
Case #5: -1
Case #6: -1
Case #7: 6 17 11 3 8 1 1
Case #8: 4 11 10 16 4
Case #9: 6 7 7 9 12 3 3
Case #10: 4 10 10 18 3
Case #11: 6 13 5 5 12 4 2
Case #12: -1
Case #13: 20 22 1 1 1 1 1 1 1 1 1 1 1 1 1 1 1 1 1 1 1
Case #14: 5 11 14 14 1 1
Case #15: 6 14 7 6 3 3 8
Case #16: 13 7 11 13 1 1 1 1 1 1 1 1 1 1
Case #17: 8 5 6 6 6 6 6 3 3
Case #18: -1
Case #19: 8 10 5 5 5 5 3 4 4
Case #20: -1
Case #21: 6 15 10 5 5 3 3
Case #22: 5 11 6 8 8 8
Case #23: 7 5 9 9 9 3 3 3
Case #24: 7 7 8 8 8 4 4 2
Case #25: 7 5 6 6 6 6 6 6
Case #26: 37 5 1 1 1 1 1 1 1 1 1 1 1 1 1 1 1 1 1 1 1 1 1 1 1 1 1 1 1 1 1 1 1 1 1 1 1 1
Case #27: 8 12 6 3 4 4 4 4 4
Case #28: 6 7 5 9 6 6 8
Case #29: 5 17 7 6 3 8
Case #30: 7 10 6 6 6 6 3 4
Case #31: -1
Case #32: 7 7 27 3 1 1 1 1
Case #33: 6 7 10 9 6 6 3
Case #34: 5 10 5 6 16 4
Case #35: 2 9 32
Case #36: 5 15 10 10 5 1
Case #37: -1
Case #38: 7 5 5 9 9 6 3 4
Case #39: 7 13 10 3 3 4 4 4
Case #40: 3 3 37 1
Case #41: 4 10 10 5 16
Case #42: 7 5 5 12 6 6 3 4
Case #43: 8 7 9 6 6 3 3 3 4
Case #44: 4 14 24 2 1
Case #45: 7 14 5 6 4 4 4 4
Case #46: 3 22 7 12
Case #47: -1
Case #48: 5 10 10 5 8 8
Case #49: 5 7 10 10 10 4
Case #50: 8 18 9 3 3 3 3 1 1
Case #51: -1
Case #52: 5 14 7 9 3 8
Case #53: 5 7 5 18 3 8
Case #54: 4 7 16 16 2
Case #55: -1
Case #56: 6 21 7 5 3 3 2
Case #57: 7 35 1 1 1 1 1 1
Case #58: -1
Case #59: 7 6 3 8 8 8 4 4
Case #60: 6 11 5 5 8 8 4
Case #61: 7 11 5 6 3 8 4 4
Case #62: 7 7 7 7 10 3 3 4
Case #63: 6 14 10 5 6 3 3
Case #64: 4 7 27 6 1
Case #65: 8 5 6 6 8 4 4 4 4
Case #66: 4 5 24 6 6
Case #67: 11 4 4 4 4 4 4 4 4 4 4 1
Case #68: 5 5 27 3 3 3
Case #69: 34 8 1 1 1 1 1 1 1 1 1 1 1 1 1 1 1 1 1 1 1 1 1 1 1 1 1 1 1 1 1 1 1 1 1
Case #70: 4 11 6 16 8
Case #71: 6 11 10 6 6 6 2
Case #72: 6 20 8 4 4 4 1
Case #73: 8 7 7 6 3 8 4 4 2
Case #74: -1
Case #75: 6 14 7 5 5 6 4
Case #76: 10 8 4 4 4 4 4 4 4 4 1
Case #77: 8 5 9 6 6 6 3 3 3
Case #78: 6 11 7 5 12 3 3
Case #79: 25 17 1 1 1 1 1 1 1 1 1 1 1 1 1 1 1 1 1 1 1 1 1 1 1 1
Case #80: 5 7 5 9 12 8
Case #81: 6 5 8 8 8 8 4
Case #82: 6 5 6 6 8 8 8
Case #83: 6 17 7 10 3 3 1
Case #84: 9 5 6 6 6 6 3 3 3 3
Case #85: 6 11 7 5 6 6 6
Case #86: 8 5 5 5 5 6 6 6 3
Case #87: 9 3 31 1 1 1 1 1 1 1
Case #88: -1
Case #89: 5 13 11 6 3 8
Case #90: -1
Case #91: 7 7 7 5 9 3 8 2
Case #92: 7 7 5 9 6 6 4 4
Case #93: 4 21 10 5 5
Case #94: 8 26 7 3 1 1 1 1 1
Case #95: -1
Case #96: 5 13 10 6 6 6
Case #97: 8 10 5 5 9 3 3 3 3
Case #98: 3 11 24 6
Case #99: 8 13 10 3 3 3 3 3 3
Case #100: 5 13 14 5 6 3
Case #101: 5 17 11 3 8 2
Case #102: 5 9 8 8 8 8
Case #103: 6 7 7 7 5 12 3
Case #104: 3 22 3 16
Case #105: -1
Case #106: 8 9 9 6 6 3 3 3 2
Case #107: 7 5 5 5 6 6 6 8
Case #108: 5 7 5 9 16 4
Case #109: 6 11 7 10 10 2 1
Case #110: 7 7 5 5 8 8 4 4
Case #111: -1
Case #112: 5 10 5 5 9 12
Case #113: 6 11 10 5 9 3 3
Case #114: 6 7 10 9 9 3 3
Case #115: 10 5 6 6 6 3 3 3 3 3 3
Case #116: 3 7 7 27
Case #117: 6 11 6 3 3 16 2
Case #118: 8 7 7 10 5 5 3 3 1
Case #119: 5 22 9 6 3 1
Case #120: 5 11 14 5 5 6
Case #121: 5 17 6 16 1 1
Case #122: 11 30 2 1 1 1 1 1 1 1 1 1
Case #123: 7 8 8 8 8 4 4 1
Case #124: 6 7 16 8 4 4 2
Case #125: 6 7 5 5 12 6 6
Case #126: -1
Case #127: 5 10 10 10 3 8
Case #128: 4 19 3 3 16
Case #129: 4 19 5 16 1
Case #130: 5 13 13 3 8 4
Case #131: 10 5 6 6 6 3 3 3 3 4 2
Case #132: 6 9 6 6 6 6 8
Case #133: 6 13 5 5 12 3 3
Case #134: -1
Case #135: 7 7 7 5 5 6 3 8
Case #136: 5 7 12 6 8 8
Case #137: 4 7 10 16 8
Case #138: 4 7 15 10 9
Case #139: 5 7 10 10 6 8
Case #140: 7 10 10 5 4 4 4 4
Case #141: 4 11 15 12 3
Case #142: -1
Case #143: 6 5 5 9 9 9 4
Case #144: 6 11 7 3 8 8 4
Case #145: -1
Case #146: -1
Case #147: 5 5 32 2 1 1
Case #148: 6 7 10 5 9 8 2
Case #149: 6 5 9 9 12 3 3
Case #150: 6 20 5 4 4 4 4
Case #151: 6 11 6 6 6 8 4
Case #152: 5 11 10 10 9 1
Case #153: 6 14 9 6 6 3 3
Case #154: 6 7 8 8 8 8 2
Case #155: 19 20 4 1 1 1 1 1 1 1 1 1 1 1 1 1 1 1 1 1
Case #156: 4 26 7 5 3
Case #157: 6 34 3 1 1 1 1
Case #158: 6 7 5 5 9 12 3
Case #159: 5 14 7 3 16 1
Case #160: 5 36 2 1 1 1
Case #161: 7 5 5 5 5 9 6 6
Case #162: 5 7 20 6 4 4
Case #163: 6 13 10 6 4 4 4
Case #164: -1
Case #165: 6 5 9 9 6 6 6
Case #166: 3 14 15 12
Case #167: 3 11 13 17
Case #168: 16 21 6 1 1 1 1 1 1 1 1 1 1 1 1 1 1
Case #169: 8 7 5 6 6 6 3 4 4
Case #170: 6 5 5 5 9 9 8
Case #171: 23 19 1 1 1 1 1 1 1 1 1 1 1 1 1 1 1 1 1 1 1 1 1 1
Case #172: -1
Case #173: 6 27 3 3 3 3 2
Case #174: 35 7 1 1 1 1 1 1 1 1 1 1 1 1 1 1 1 1 1 1 1 1 1 1 1 1 1 1 1 1 1 1 1 1 1 1
Case #175: 3 5 32 4
Case #176: 7 5 9 6 6 6 6 3
Case #177: 8 6 6 6 6 3 8 4 2
Case #178: 6 11 10 9 6 3 2
Case #179: 4 23 7 3 8
Case #180: 5 13 6 6 8 8
Case #181: 6 19 10 5 3 3 1
Case #182: 12 28 3 1 1 1 1 1 1 1 1 1 1
Case #183: 16 25 2 1 1 1 1 1 1 1 1 1 1 1 1 1 1
Case #184: -1
Case #185: 5 20 6 6 6 3
Case #186: 9 10 3 4 4 4 4 4 4 4
Case #187: 11 31 1 1 1 1 1 1 1 1 1 1
Case #188: -1
Case #189: 6 14 10 5 5 3 4
Case #190: -1
Case #191: -1
Case #192: 5 13 7 5 8 8
Case #193: 13 21 7 3 1 1 1 1 1 1 1 1 1 1
Case #194: 25 7 11 1 1 1 1 1 1 1 1 1 1 1 1 1 1 1 1 1 1 1 1 1 1 1
Case #195: 4 11 7 7 16
Case #196: 5 15 10 5 5 6
Case #197: 7 6 6 9 6 8 4 2
Case #198: 7 7 7 7 7 3 8 2
Case #199: 4 11 21 6 3
Case #200: -1
Case #201: 5 11 11 3 8 8
Case #202: 4 7 30 3 1
Case #203: 6 10 10 5 9 3 4
Case #204: 4 38 1 1 1
Case #205: 15 25 3 1 1 1 1 1 1 1 1 1 1 1 1 1
Case #206: 5 19 5 6 3 8
Case #207: 5 7 6 16 8 4
Case #208: 3 9 16 16
Case #209: 6 7 7 9 8 8 2
Case #210: 8 7 5 9 6 6 3 3 2
Case #211: 6 11 5 6 3 8 8
Case #212: 5 5 16 8 8 4
Case #213: 7 11 5 5 6 6 6 2
Case #214: 9 3 3 3 8 8 4 4 4 4
Case #215: 6 7 7 9 6 6 6
Case #216: 6 9 12 6 8 4 2
Case #217: 6 20 10 5 4 1 1
Case #218: 8 10 3 8 4 4 4 4 4
Case #219: -1
Case #220: -1
Case #221: 4 9 16 8 8
Case #222: 7 7 7 9 6 6 3 3
Case #223: 5 14 15 5 5 2
Case #224: 5 20 5 8 4 4
Case #225: 5 7 7 10 5 12
Case #226: 7 7 5 9 9 6 3 2
Case #227: -1
Case #228: 7 15 15 5 3 1 1 1
Case #229: -1
Case #230: 3 7 10 24
Case #231: 6 21 5 5 5 3 2
Case #232: 4 19 7 12 3
Case #233: 5 11 10 5 9 6
Case #234: 7 11 10 5 5 3 3 4
Case #235: 3 15 20 6
Case #236: -1
Case #237: 4 34 5 1 1
Case #238: 4 7 5 5 24
Case #239: -1
Case #240: 5 5 5 6 9 16
Case #241: 5 13 14 9 4 1
Case #242: 7 5 5 12 3 8 4 4
Case #243: 4 7 10 18 6
Case #244: 6 7 7 10 6 3 8
Case #245: 5 11 11 12 3 4
Case #246: 7 11 10 5 3 4 4 4
Case #247: 4 18 9 6 8
Case #248: 8 5 5 5 5 6 3 8 4
Case #249: -1
Case #250: 5 17 9 3 8 4
Case #251: 6 7 5 6 3 16 4
Case #252: 5 23 6 3 8 1
Case #253: 5 6 32 1 1 1
Case #254: -1
Case #255: 7 7 7 9 8 4 4 2
Case #256: 5 9 12 6 6 8
Case #257: 8 5 6 6 6 6 4 4 4
Case #258: 6 11 7 7 10 3 3
Case #259: -1
Case #260: 6 23 10 3 3 1 1
Case #261: 3 5 27 9
Case #262: 21 3 19 1 1 1 1 1 1 1 1 1 1 1 1 1 1 1 1 1 1 1
Case #263: 6 5 5 5 5 5 16
Case #264: -1
Case #265: 4 5 18 9 9
Case #266: 5 13 7 16 4 1
Case #267: 4 25 5 3 8
Case #268: 5 5 6 6 16 8
Case #269: -1
Case #270: 7 5 5 9 12 3 3 4
Case #271: 7 7 5 5 6 6 8 4
Case #272: 5 15 5 9 6 6
Case #273: 4 20 5 8 8
Case #274: 5 14 9 6 6 6
Case #275: 6 9 9 6 6 3 8
Case #276: 7 5 12 6 6 6 4 2
Case #277: 6 13 10 9 3 3 3
Case #278: 13 25 5 1 1 1 1 1 1 1 1 1 1 1
Case #279: 4 20 10 5 6
Case #280: 6 10 10 5 5 3 8
Case #281: -1
Case #282: -1
Case #283: 4 7 7 24 3
Case #284: 8 6 6 6 6 6 3 4 4
Case #285: -1
Case #286: 7 5 12 8 4 4 4 4
Case #287: 6 13 7 10 5 3 3
Case #288: 6 10 12 6 6 3 4
Case #289: 6 11 10 5 3 8 4
Case #290: 6 5 12 8 8 4 4
Case #291: -1
Case #292: -1
Case #293: 5 11 9 9 6 6
Case #294: 6 7 9 9 6 6 4
Case #295: 41 1 1 1 1 1 1 1 1 1 1 1 1 1 1 1 1 1 1 1 1 1 1 1 1 1 1 1 1 1 1 1 1 1 1 1 1 1 1 1 1 1
Case #296: 6 36 1 1 1 1 1
Case #297: 6 5 12 6 6 8 4
Case #298: 4 18 12 3 8
Case #299: -1
Case #300: 13 27 3 1 1 1 1 1 1 1 1 1 1 1
Case #301: 8 5 9 9 6 3 3 3 3
Case #302: 5 22 7 3 8 1
Case #303: 6 11 12 6 4 4 4
Case #304: 4 10 5 18 8
Case #305: 5 7 27 3 3 1
Case #306: 3 6 3 32
Case #307: 7 7 6 8 8 4 4 4
Case #308: 10 29 4 1 1 1 1 1 1 1 1
Case #309: 5 11 10 9 3 8
Case #310: 2 40 1
Case #311: 9 10 5 5 6 3 3 3 3 3
Case #312: -1
Case #313: 5 13 14 7 3 4
Case #314: 9 5 6 6 6 4 4 4 4 2
Case #315: 5 11 6 6 16 2
Case #316: 7 10 5 6 8 4 4 4
Case #317: 6 13 7 5 5 3 8
Case #318: -1
Case #319: 5 19 19 1 1 1
Case #320: 8 10 5 3 3 8 4 4 4
Case #321: 8 5 5 5 9 3 3 3 8
Case #322: 5 17 5 16 2 1
Case #323: 8 7 7 3 8 4 4 4 4
Case #324: -1
Case #325: 6 7 6 6 6 8 8
Case #326: 5 14 3 16 4 4
Case #327: 6 13 5 16 4 2 1
Case #328: 4 7 20 10 4
Case #329: 6 11 9 6 6 6 3
Case #330: 4 11 7 20 3
Case #331: 6 11 7 5 8 8 2
Case #332: 3 21 14 6
Case #333: 8 13 10 5 5 3 3 1 1
Case #334: 4 26 5 6 4
Case #335: 7 17 19 1 1 1 1 1
Case #336: 5 17 10 3 3 8
Case #337: 4 17 6 16 2
Case #338: -1
Case #339: -1
Case #340: -1
Case #341: -1
Case #342: 5 21 5 5 9 1
Case #343: 6 13 6 6 6 8 2
Case #344: 4 13 10 16 2
Case #345: 5 28 9 2 1 1
Case #346: 4 22 10 6 3
Case #347: 4 11 18 9 3
Case #348: 5 17 12 6 3 3
Case #349: -1
Case #350: 5 11 9 12 6 3
Case #351: 4 20 10 10 1
Case #352: 4 5 9 24 3
Case #353: -1
Case #354: -1
Case #355: 5 5 5 5 18 8
Case #356: 6 11 12 6 6 3 3
Case #357: 4 19 5 9 8
Case #358: -1
Case #359: 17 3 23 1 1 1 1 1 1 1 1 1 1 1 1 1 1 1
Case #360: -1
Case #361: 3 11 18 12
Case #362: 6 7 10 9 3 8 4
Case #363: 5 9 12 12 4 4
Case #364: -1
Case #365: -1
Case #366: 7 5 5 11 17 1 1 1
Case #367: 8 10 5 5 5 6 4 4 2
Case #368: -1
Case #369: 5 6 3 16 8 8
Case #370: 6 13 10 3 3 8 4
Case #371: 5 5 12 12 6 6
Case #372: 6 13 15 5 3 3 2
Case #373: -1
Case #374: -1
Case #375: 5 13 7 12 6 3
Case #376: 5 24 8 4 4 1
Case #377: 4 15 10 10 6
Case #378: -1
Case #379: 5 18 6 6 3 8
Case #380: 3 30 10 1
Case #381: 6 7 10 5 5 6 8
Case #382: 6 7 5 9 12 6 2
Case #383: 4 21 5 12 3
Case #384: 8 11 5 3 8 4 4 4 2
Case #385: 7 26 9 2 1 1 1 1
Case #386: 5 10 9 12 8 2
Case #387: 5 10 10 9 6 6
Case #388: 18 24 1 1 1 1 1 1 1 1 1 1 1 1 1 1 1 1 1
Case #389: 7 7 7 10 6 3 4 4
Case #390: 27 5 11 1 1 1 1 1 1 1 1 1 1 1 1 1 1 1 1 1 1 1 1 1 1 1 1 1
Case #391: 6 11 5 5 5 12 3
Case #392: 4 21 15 3 2
Case #393: 7 10 5 5 5 6 6 4
Case #394: 7 7 5 5 9 3 8 4
Case #395: 4 2 37 1 1
Case #396: 6 7 12 6 8 4 4
Case #397: 5 14 14 5 5 3
Case #398: 5 19 7 3 8 4
Case #399: 7 11 7 3 8 4 4 4
Case #400: 4 17 7 16 1
Case #401: -1
Case #402: 6 11 5 5 9 3 8
Case #403: -1
Case #404: 11 28 4 1 1 1 1 1 1 1 1 1
Case #405: 6 7 7 10 5 9 3
Case #406: 8 7 10 5 5 5 3 3 3
Case #407: 5 5 18 6 6 6
Case #408: -1
Case #409: 4 7 20 6 8
Case #410: 6 7 5 5 9 9 6
Case #411: -1
Case #412: 7 11 9 6 6 3 3 3
Case #413: 8 17 3 16 1 1 1 1 1
Case #414: 8 5 5 5 6 6 6 4 4
Case #415: -1
Case #416: 7 10 10 5 5 3 4 4
Case #417: 3 5 17 19
Case #418: 6 11 11 10 3 3 3
Case #419: -1
Case #420: -1
Case #421: -1
Case #422: 19 21 3 1 1 1 1 1 1 1 1 1 1 1 1 1 1 1 1 1
Case #423: -1
Case #424: 4 11 7 5 18
Case #425: 6 13 14 5 4 4 1
Case #426: 7 7 6 6 6 6 6 4
Case #427: 25 5 13 1 1 1 1 1 1 1 1 1 1 1 1 1 1 1 1 1 1 1 1 1 1 1
Case #428: 7 12 8 8 4 4 4 1
Case #429: 4 10 10 9 12
Case #430: 4 21 15 4 1
Case #431: 4 11 10 10 10
Case #432: 5 14 14 5 4 4
Case #433: -1
Case #434: -1
Case #435: -1
Case #436: 5 7 16 8 8 2
Case #437: 5 11 14 10 3 3
Case #438: 7 12 6 3 8 4 4 4
Case #439: 4 7 7 18 9
Case #440: 6 11 21 6 1 1 1
Case #441: -1
Case #442: 5 14 7 7 9 4
Case #443: 6 14 5 5 5 6 6
Case #444: 3 17 18 6
Case #445: 7 5 7 7 19 1 1 1
Case #446: 40 2 1 1 1 1 1 1 1 1 1 1 1 1 1 1 1 1 1 1 1 1 1 1 1 1 1 1 1 1 1 1 1 1 1 1 1 1 1 1 1
Case #447: 20 21 2 1 1 1 1 1 1 1 1 1 1 1 1 1 1 1 1 1 1
Case #448: 8 5 5 5 8 8 4 4 2
Case #449: 8 7 10 6 3 3 4 4 4
Case #450: 6 11 5 9 6 6 4
Case #451: -1
Case #452: 5 7 18 8 4 4
Case #453: 9 7 5 6 6 6 3 3 3 2
Case #454: 23 7 13 1 1 1 1 1 1 1 1 1 1 1 1 1 1 1 1 1 1 1 1 1
Case #455: 4 22 5 12 2
Case #456: 8 10 5 5 5 6 3 3 4
Case #457: -1
Case #458: 6 5 5 5 6 16 4
Case #459: 7 7 5 5 9 6 6 3
Case #460: 9 10 5 3 3 4 4 4 4 4
Case #461: -1
Case #462: 6 7 10 5 3 8 8
Case #463: -1
Case #464: 5 14 5 6 8 8
Case #465: -1
Case #466: 4 11 5 9 16
Case #467: 7 11 10 6 4 4 4 2
Case #468: 4 36 3 1 1
Case #469: 4 19 6 8 8
Case #470: 9 5 5 6 6 6 3 3 3 4
Case #471: -1
Case #472: -1
Case #473: 5 14 5 5 5 12
Case #474: 5 7 7 7 16 4
Case #475: -1
Case #476: 4 20 10 9 2
Case #477: 5 7 10 9 9 6
Case #478: 8 5 5 6 6 3 8 4 4
Case #479: 4 17 5 18 1
Case #480: 5 11 10 12 6 2
Case #481: -1
Case #482: 9 5 5 6 6 6 3 4 4 2
Case #483: 15 26 2 1 1 1 1 1 1 1 1 1 1 1 1 1
Case #484: 11 5 27 1 1 1 1 1 1 1 1 1
Case #485: 5 11 10 9 9 2
Case #486: 10 9 6 6 3 3 3 3 3 3 2
Case #487: -1
Case #488: 5 17 9 6 6 3
Case #489: -1
Case #490: -1
Case #491: 2 21 20
Case #492: -1
Case #493: 7 10 5 5 6 6 6 3
Case #494: 4 14 7 10 10
Case #495: 7 5 8 8 8 4 4 4
Case #496: 5 22 15 2 1 1
Case #497: 8 7 5 6 3 8 4 4 4
Case #498: 5 17 12 3 8 1
Case #499: 25 15 3 1 1 1 1 1 1 1 1 1 1 1 1 1 1 1 1 1 1 1 1 1 1 1
Case #500: -1
Case #501: 19 7 17 1 1 1 1 1 1 1 1 1 1 1 1 1 1 1 1 1
Case #502: 5 11 14 6 6 4
Case #503: -1
Case #504: 7 7 7 5 8 8 4 2
Case #505: 6 7 9 6 8 8 3
Case #506: 14 28 1 1 1 1 1 1 1 1 1 1 1 1 1
Case #507: 7 7 6 6 6 8 4 4
Case #508: 21 11 11 1 1 1 1 1 1 1 1 1 1 1 1 1 1 1 1 1 1 1
Case #509: -1
Case #510: 5 35 3 1 1 1
Case #511: 5 21 5 6 6 3
Case #512: 5 5 9 9 12 6
Case #513: 8 7 10 6 4 4 4 4 2
Case #514: 4 11 10 12 8
Case #515: 3 14 25 2
Case #516: 16 26 1 1 1 1 1 1 1 1 1 1 1 1 1 1 1
Case #517: 6 14 10 5 4 4 4
Case #518: 6 11 7 9 6 6 2
Case #519: 7 7 9 6 6 3 8 2
Case #520: 5 5 12 8 8 8
Case #521: 7 13 5 6 6 6 3 2
Case #522: 4 20 10 3 8
Case #523: 4 10 15 8 8
Case #524: 4 20 12 8 1
Case #525: 4 3 32 4 2
Case #526: 4 13 18 6 4
Case #527: 36 6 1 1 1 1 1 1 1 1 1 1 1 1 1 1 1 1 1 1 1 1 1 1 1 1 1 1 1 1 1 1 1 1 1 1 1
Case #528: 4 11 14 14 2
Case #529: 6 11 7 7 5 3 8
Case #530: 6 5 5 5 5 9 12
Case #531: 7 7 5 9 6 6 6 2
Case #532: 19 5 19 1 1 1 1 1 1 1 1 1 1 1 1 1 1 1 1 1
Case #533: -1
Case #534: 5 14 14 7 3 3
Case #535: 6 7 7 3 8 8 8
Case #536: 6 13 5 5 6 6 6
Case #537: 3 21 10 10
Case #538: -1
Case #539: 5 17 10 6 4 4
Case #540: -1
Case #541: 5 11 10 6 6 8
Case #542: 8 5 5 5 5 5 5 3 8
Case #543: 7 7 5 5 6 6 6 6
Case #544: -1
Case #545: 8 7 5 5 5 3 8 4 4
Case #546: 12 30 1 1 1 1 1 1 1 1 1 1 1
Case #547: -1
Case #548: 6 13 7 10 3 4 4
Case #549: 6 11 6 8 8 4 4
Case #550: 7 5 5 5 5 5 8 8
Case #551: 6 7 7 7 3 16 1
Case #552: -1
Case #553: 3 38 2 1
Case #554: 4 5 18 16 2
Case #555: 6 13 5 9 3 3 8
Case #556: 7 5 5 5 12 6 6 2
Case #557: 4 9 24 6 2
Case #558: 5 7 10 16 4 4
Case #559: -1
Case #560: 6 10 5 6 8 8 4
Case #561: 6 10 10 10 8 2 1
Case #562: 10 7 10 3 3 3 3 3 3 3 3
Case #563: 3 14 24 3
Case #564: -1
Case #565: 6 9 6 6 8 8 4
Case #566: 4 24 6 3 8
Case #567: 5 7 10 5 3 16
Case #568: -1
Case #569: 6 10 5 9 9 6 2
Case #570: 8 33 2 1 1 1 1 1 1
Case #571: 7 5 6 6 6 6 8 4
Case #572: 7 7 7 6 6 3 8 4
Case #573: 6 13 5 5 8 8 2
Case #574: 6 7 5 5 8 8 8
Case #575: 6 7 10 10 5 5 4
Case #576: -1
Case #577: 6 10 5 12 8 4 2
Case #578: 6 10 10 6 3 8 4
Case #579: 7 5 9 9 6 6 3 3
Case #580: -1
Case #581: 4 17 13 3 8
Case #582: 3 7 32 2
Case #583: 7 13 10 6 3 3 3 3
Case #584: 3 36 3 2
Case #585: -1
Case #586: -1
Case #587: 4 11 14 15 1
Case #588: 7 5 5 9 6 6 6 4
Case #589: 19 22 2 1 1 1 1 1 1 1 1 1 1 1 1 1 1 1 1 1
Case #590: 8 5 5 6 6 6 6 3 4
Case #591: -1
Case #592: 6 13 12 6 3 3 4
Case #593: 8 34 1 1 1 1 1 1 1
Case #594: -1
Case #595: 6 12 6 6 6 3 8
Case #596: 4 5 16 16 4
Case #597: -1
Case #598: 3 11 20 10
Case #599: -1
Case #600: 4 5 12 16 8
Case #601: -1
Case #602: -1
Case #603: 7 11 5 5 5 3 8 4
Case #604: 6 11 10 10 3 3 4
Case #605: 6 10 10 10 5 3 3
Case #606: 8 7 7 7 7 3 8 1 1
Case #607: 4 9 12 12 8
Case #608: 6 2 3 5 7 11 13
Case #609: 14 27 2 1 1 1 1 1 1 1 1 1 1 1 1
Case #610: 3 13 10 18
Case #611: 7 9 6 6 8 4 4 4
Case #612: 6 11 11 7 3 8 1
Case #613: 8 7 5 5 6 6 6 3 3
Case #614: 29 13 1 1 1 1 1 1 1 1 1 1 1 1 1 1 1 1 1 1 1 1 1 1 1 1 1 1 1 1
Case #615: 8 11 10 5 3 3 3 3 3
Case #616: 7 11 7 6 3 8 4 2
Case #617: 10 30 3 1 1 1 1 1 1 1 1
Case #618: 8 5 5 5 6 6 6 6 2
Case #619: 3 15 10 16
Case #620: -1
Case #621: 31 11 1 1 1 1 1 1 1 1 1 1 1 1 1 1 1 1 1 1 1 1 1 1 1 1 1 1 1 1 1 1
Case #622: 6 26 5 3 3 3 1
Case #623: 8 5 6 6 6 3 3 8 4
Case #624: 21 21 1 1 1 1 1 1 1 1 1 1 1 1 1 1 1 1 1 1 1 1
Case #625: 4 22 5 6 8
Case #626: 6 7 6 8 8 8 4
Case #627: -1
Case #628: 4 10 12 3 16
Case #629: -1
Case #630: -1
Case #631: 4 15 5 9 12
Case #632: 4 10 27 3 1
Case #633: 6 10 12 3 8 4 4
Case #634: 8 3 8 8 8 4 4 4 2
Case #635: 4 14 14 12 1
Case #636: 6 8 8 8 8 8 1
Case #637: 7 5 12 6 6 4 4 4
Case #638: 5 7 7 15 6 6
Case #639: 6 11 11 3 8 4 4
Case #640: 5 5 5 27 3 1
Case #641: 7 3 8 8 8 8 4 2
Case #642: 9 33 1 1 1 1 1 1 1 1
Case #643: 19 23 1 1 1 1 1 1 1 1 1 1 1 1 1 1 1 1 1 1
Case #644: 6 7 5 9 8 8 4
Case #645: 8 5 6 6 6 8 4 4 2
Case #646: 4 13 7 18 3
Case #647: 7 34 2 1 1 1 1 1
Case #648: 9 5 5 5 5 3 8 4 4 2
Case #649: 9 5 9 6 6 3 3 3 3 3
Case #650: 9 7 5 3 8 4 4 4 4 2
Case #651: 6 13 7 3 8 8 2
Case #652: 10 32 1 1 1 1 1 1 1 1 1
Case #653: 12 2 29 1 1 1 1 1 1 1 1 1 1
Case #654: 5 11 10 5 12 3
Case #655: 5 14 7 12 4 4
Case #656: 7 14 5 5 5 5 3 4
Case #657: -1
Case #658: 7 11 10 6 3 3 4 4
Case #659: 22 14 7 1 1 1 1 1 1 1 1 1 1 1 1 1 1 1 1 1 1 1 1
Case #660: 7 7 12 6 4 4 4 4
Case #661: 4 5 27 6 3
Case #662: 6 19 5 3 8 4 2
Case #663: 9 32 2 1 1 1 1 1 1 1
Case #664: 7 5 5 5 6 8 8 4
Case #665: 4 11 12 12 6
Case #666: 17 25 1 1 1 1 1 1 1 1 1 1 1 1 1 1 1 1
Case #667: 4 7 18 8 8
Case #668: 6 7 7 18 3 3 3
Case #669: 5 13 6 3 3 16
Case #670: -1
Case #671: 5 20 5 5 3 8
Case #672: 8 7 7 10 5 3 3 3 3
Case #673: 5 5 5 12 3 16
Case #674: 28 14 1 1 1 1 1 1 1 1 1 1 1 1 1 1 1 1 1 1 1 1 1 1 1 1 1 1 1
Case #675: 7 7 7 3 8 8 4 4
Case #676: 5 20 10 5 5 1
Case #677: 6 12 16 4 4 4 1
Case #678: -1
Case #679: 13 26 4 1 1 1 1 1 1 1 1 1 1 1
Case #680: 4 11 14 12 4
Case #681: 8 15 5 5 5 3 3 3 2
Case #682: 5 7 18 6 8 2
Case #683: 7 14 5 5 5 6 3 3
Case #684: -1
Case #685: 5 14 18 3 3 3
Case #686: 5 13 7 10 3 8
Case #687: 6 9 9 9 6 6 2
Case #688: 6 13 9 6 6 3 4
Case #689: 5 21 7 10 2 1
Case #690: 6 11 15 5 5 3 2
Case #691: -1
Case #692: 9 5 6 6 6 6 3 3 4 2
Case #693: -1
Case #694: 6 5 9 12 6 6 3
Case #695: 9 7 10 6 3 3 3 3 3 3
Case #696: 26 16 1 1 1 1 1 1 1 1 1 1 1 1 1 1 1 1 1 1 1 1 1 1 1 1 1
Case #697: 10 10 5 5 3 3 3 3 3 3 3
Case #698: -1
Case #699: 5 10 10 10 10 1
Case #700: 4 7 32 1 1
Case #701: 3 22 18 1
Case #702: 9 7 27 1 1 1 1 1 1 1
Case #703: 7 14 5 5 5 4 4 4
Case #704: 21 5 17 1 1 1 1 1 1 1 1 1 1 1 1 1 1 1 1 1 1 1
Case #705: 5 17 10 9 3 2
Case #706: 4 14 9 16 2
Case #707: 4 11 11 3 16
Case #708: 6 5 9 9 9 6 3
Case #709: -1
Case #710: -1
Case #711: 6 13 11 10 3 3 1
Case #712: 7 11 5 6 6 6 3 4
Case #713: 7 9 9 6 6 6 3 2
Case #714: 7 7 5 9 8 4 4 4
Case #715: 6 10 5 6 6 6 8
Case #716: 6 19 3 16 1 1 1
Case #717: 4 11 15 10 5
Case #718: 5 10 10 9 8 4
Case #719: 6 11 6 9 3 8 4
Case #720: -1
Case #721: 6 2 17 19 1 1 1
Case #722: -1
Case #723: -1
Case #724: 7 10 5 5 5 9 3 4
Case #725: 4 22 12 3 4
Case #726: 4 21 7 10 3
Case #727: 10 3 8 4 4 4 4 4 4 4 2
Case #728: -1
Case #729: 5 37 1 1 1 1
Case #730: 29 7 7 1 1 1 1 1 1 1 1 1 1 1 1 1 1 1 1 1 1 1 1 1 1 1 1 1 1 1
Case #731: 9 5 5 5 6 6 6 3 3 2
Case #732: 21 13 9 1 1 1 1 1 1 1 1 1 1 1 1 1 1 1 1 1 1 1
Case #733: 6 17 10 5 3 3 3
Case #734: -1
Case #735: 4 13 20 5 3
Case #736: -1
Case #737: 6 12 6 3 8 8 4
Case #738: 6 14 14 4 4 4 1
Case #739: 39 3 1 1 1 1 1 1 1 1 1 1 1 1 1 1 1 1 1 1 1 1 1 1 1 1 1 1 1 1 1 1 1 1 1 1 1 1 1 1
Case #740: 7 5 12 6 6 6 3 3
Case #741: 4 22 9 6 4
Case #742: 4 15 15 10 1
Case #743: -1
Case #744: 3 20 5 16
Case #745: 3 14 7 20
Case #746: 6 35 2 1 1 1 1
Case #747: 6 17 5 3 8 4 4
Case #748: 6 14 7 5 3 8 4
Case #749: 4 14 7 12 8
Case #750: 15 5 23 1 1 1 1 1 1 1 1 1 1 1 1 1
Case #751: 3 19 6 16
Case #752: 5 15 15 5 5 1
Case #753: 6 7 10 6 8 8 2
Case #754: 7 7 6 6 6 6 8 2
Case #755: -1
Case #756: 4 11 18 6 6
Case #757: -1
Case #758: 8 6 6 6 6 6 6 3 2
Case #759: 5 13 9 3 8 8
Case #760: 6 7 7 7 9 3 8
Case #761: 8 3 32 1 1 1 1 1 1
Case #762: 24 18 1 1 1 1 1 1 1 1 1 1 1 1 1 1 1 1 1 1 1 1 1 1 1
Case #763: 4 11 14 10 6
Case #764: 7 13 7 3 8 4 4 2
Case #765: 5 13 5 12 3 8
Case #766: 6 17 10 3 3 4 4
Case #767: 6 5 16 16 2 1 1
Case #768: 6 13 5 5 16 1 1
Case #769: -1
Case #770: 7 10 5 5 5 5 3 8
Case #771: 10 2 31 1 1 1 1 1 1 1 1
Case #772: 5 18 9 6 6 2
Case #773: -1
Case #774: -1
Case #775: 17 24 2 1 1 1 1 1 1 1 1 1 1 1 1 1 1 1
Case #776: 8 5 5 9 6 6 3 3 4
Case #777: 5 11 12 6 6 6
Case #778: 7 13 5 5 5 3 8 2
Case #779: 5 13 7 9 6 6
Case #780: 7 7 7 7 5 3 8 4
Case #781: 8 5 5 6 6 6 3 8 2
Case #782: 7 9 6 6 6 3 3 8
Case #783: 13 29 1 1 1 1 1 1 1 1 1 1 1 1
Case #784: 3 25 10 6
Case #785: 5 7 10 9 12 3
Case #786: 5 10 6 9 8 8
Case #787: 5 7 7 7 10 10
Case #788: -1
Case #789: 27 15 1 1 1 1 1 1 1 1 1 1 1 1 1 1 1 1 1 1 1 1 1 1 1 1 1 1
Case #790: 8 31 4 1 1 1 1 1 1
Case #791: 4 7 24 8 2
Case #792: 8 6 3 8 8 4 4 4 4
Case #793: 5 19 12 3 3 4
Case #794: -1
Case #795: -1
Case #796: 33 9 1 1 1 1 1 1 1 1 1 1 1 1 1 1 1 1 1 1 1 1 1 1 1 1 1 1 1 1 1 1 1 1
Case #797: 6 14 7 7 5 4 4
Case #798: -1
Case #799: 3 30 5 6
Case #800: 7 33 3 1 1 1 1 1
Case #801: 6 5 16 8 4 4 4
Case #802: 4 7 9 24 1
Case #803: 38 4 1 1 1 1 1 1 1 1 1 1 1 1 1 1 1 1 1 1 1 1 1 1 1 1 1 1 1 1 1 1 1 1 1 1 1 1 1
Case #804: 5 13 9 12 6 1
Case #805: 7 7 7 5 6 6 6 4
Case #806: 5 19 10 3 8 1
Case #807: 5 7 7 9 12 6
Case #808: 3 5 12 24
Case #809: 6 5 12 12 6 3 3
Case #810: 13 28 2 1 1 1 1 1 1 1 1 1 1 1
Case #811: 11 3 29 1 1 1 1 1 1 1 1 1
Case #812: 5 17 12 4 4 4
Case #813: -1
Case #814: 6 7 20 8 4 1 1
Case #815: 6 13 12 4 4 4 4
Case #816: -1
Case #817: 9 5 6 6 6 3 3 4 4 4
Case #818: -1
Case #819: -1
Case #820: 13 5 7 19 1 1 1 1 1 1 1 1 1 1
Case #821: 7 7 7 9 6 6 4 2
Case #822: 9 9 6 6 6 3 3 3 3 2
Case #823: 3 5 18 18
Case #824: 2 39 2
Case #825: 6 12 8 8 8 4 1
Case #826: 8 7 10 5 5 3 3 4 4
Case #827: -1
Case #828: 4 27 3 3 8
Case #829: 6 11 24 3 1 1 1
Case #830: -1
Case #831: 5 19 10 6 3 3
Case #832: 3 14 18 9
Case #833: 7 5 6 6 8 8 4 4
Case #834: 17 22 4 1 1 1 1 1 1 1 1 1 1 1 1 1 1 1
Case #835: -1
Case #836: 5 14 7 5 12 3
Case #837: 5 10 5 5 5 16
Case #838: -1
Case #839: -1
Case #840: 6 11 12 3 3 8 4
Case #841: 4 14 5 18 4
Case #842: 23 3 17 1 1 1 1 1 1 1 1 1 1 1 1 1 1 1 1 1 1 1 1 1
Case #843: -1
Case #844: 5 5 9 9 9 9
Case #845: 32 10 1 1 1 1 1 1 1 1 1 1 1 1 1 1 1 1 1 1 1 1 1 1 1 1 1 1 1 1 1 1 1
Case #846: 7 11 7 5 5 3 8 2
Case #847: 6 14 7 7 6 3 4
Case #848: 9 5 8 4 4 4 4 4 4 4
Case #849: 22 20 1 1 1 1 1 1 1 1 1 1 1 1 1 1 1 1 1 1 1 1 1
Case #850: 2 5 36
Case #851: 7 5 5 5 12 8 4 2
Case #852: 6 5 5 5 12 6 8
Case #853: 6 7 12 6 6 8 2
Case #854: -1
Case #855: 4 5 12 12 12
Case #856: -1
Case #857: -1
Case #858: -1
Case #859: 5 5 5 18 9 4
Case #860: 6 17 7 3 8 4 2
Case #861: 6 13 11 3 8 4 2
Case #862: 9 5 5 3 8 4 4 4 4 4
Case #863: -1
Case #864: 7 11 10 5 6 3 3 3
Case #865: -1
Case #866: 3 9 24 8
Case #867: -1
Case #868: 5 15 10 10 3 3
Case #869: 6 7 9 12 6 3 4
Case #870: 8 9 6 6 4 4 4 4 4
Case #871: 9 3 8 8 4 4 4 4 4 2
Case #872: 5 13 7 10 10 1
Case #873: 5 7 7 10 9 8
Case #874: 5 13 10 12 3 3
Case #875: -1
Case #876: 7 7 5 5 6 8 8 2
Case #877: 7 10 5 5 6 3 8 4
Case #878: 4 14 18 6 3
Case #879: 3 7 18 16
Case #880: 5 26 5 3 3 4
Case #881: 8 7 7 5 5 3 8 4 2
Case #882: -1
Case #883: 6 15 15 3 3 3 2
Case #884: -1
Case #885: 6 7 10 5 5 5 9
Case #886: -1
Case #887: 4 15 15 5 6
Case #888: 5 7 7 9 16 2
Case #889: 5 18 9 9 3 2
Case #890: 7 7 10 5 5 6 4 4
Case #891: 7 7 10 10 3 3 4 4
Case #892: 6 10 9 6 6 6 4
Case #893: 5 12 6 3 16 4
Case #894: 7 7 7 10 5 6 3 3
Case #895: 5 26 5 5 4 1
Case #896: -1
Case #897: 4 14 20 3 4
Case #898: 4 7 20 5 9
Case #899: 4 14 3 16 8
Case #900: 4 14 14 9 4
Case #901: 5 11 14 5 3 8
Case #902: 8 10 5 5 5 5 5 3 3
Case #903: 5 9 9 12 3 8
Case #904: 4 14 10 9 8
Case #905: 6 7 7 10 10 5 2
Case #906: 5 14 7 9 9 2
Case #907: 3 20 9 12
Case #908: -1
Case #909: -1
Case #910: -1
Case #911: -1
Case #912: 6 10 5 12 6 6 2
Case #913: 8 10 5 5 6 3 4 4 4
Case #914: 5 23 5 3 8 2
Case #915: 4 14 10 5 12
Case #916: 5 13 10 5 9 4
Case #917: 5 14 5 5 9 8
Case #918: 8 9 6 6 3 3 3 3 8
Case #919: 6 5 18 9 3 3 3
Case #920: 7 32 4 1 1 1 1 1
Case #921: 5 7 10 10 5 9
Case #922: -1
Case #923: -1
Case #924: -1
Case #925: 4 29 3 8 1
Case #926: 6 11 5 5 6 6 8
Case #927: 6 13 5 6 6 3 8
Case #928: -1
Case #929: 7 6 6 6 6 6 3 8
Case #930: -1
Case #931: -1
Case #932: 9 30 4 1 1 1 1 1 1 1
Case #933: 6 11 7 6 6 3 8
Case #934: -1
Case #935: 6 7 7 12 6 6 3
Case #936: 5 11 14 9 6 1
Case #937: 3 17 23 1
Case #938: 5 3 17 19 1 1
Case #939: 8 7 5 5 6 6 6 4 2
Case #940: 16 22 5 1 1 1 1 1 1 1 1 1 1 1 1 1 1
Case #941: 5 11 16 8 4 2
Case #942: 6 11 11 6 3 8 2
Case #943: 4 5 18 12 6
Case #944: 4 3 3 32 3
Case #945: 16 23 4 1 1 1 1 1 1 1 1 1 1 1 1 1 1
Case #946: 6 5 32 1 1 1 1
Case #947: 7 7 9 6 6 6 3 4
Case #948: 7 15 15 3 3 3 1 1
Case #949: 5 7 6 6 6 16
Case #950: 6 10 10 6 6 6 3
Case #951: 8 7 10 5 3 4 4 4 4
Case #952: 3 30 9 2
Case #953: 5 11 7 5 12 6
Case #954: 6 11 6 6 6 6 6
Case #955: 4 15 5 18 3
Case #956: 7 13 5 3 8 4 4 4
Case #957: 4 6 3 16 16
Case #958: 4 11 25 4 1
Case #959: 18 2 23 1 1 1 1 1 1 1 1 1 1 1 1 1 1 1 1
Case #960: 8 10 5 6 4 4 4 4 4
