41
62
10
69
77
4
287
0
26
17
69
64
0
99
262
0
7
0
7
27
7
482
46
86
2
1
22
15
12
5
10
65
5
2
73
622
0
0
0
207
2
116
0
5
0
15
65
0
0
13
0
213
57
0
22
86
0
181
6
213
0
1
6
0
425
95
1
213
69
512
0
0
632
9
126
0
73
104
3
263
12
9
0
7
15
15
25
17
69
51
13
26
122
865
0
2
3
22
15
0
101
163
109
65
23
1
10
25
129
356
201
146
0
7
172
3
11
67
403
45
18
70
0
142
22
0
0
51
80
325
0
139
0
0
39
0
75
10
0
131
65
0
0
0
473
6
22
147
3
1
0
7
27
0
15
315
74
12
20
28
8
287
10
13
13
10
8
9
65
2
319
731
0
441
18
68
853
0
1
5
139
6
13
725
19
3
10
22
112
0
1
0
10
11
4
0
304
0
0
0
2
820
46
108
148
181
129
22
0
225
147
31
3
214
0
0
931
0
60
38
75
0
3
143
748
2
10
8
96
18
16
27
4
23
5
139
913
0
0
0
413
459
0
5
11
0
210
0
189
349
10
0
3
3
13
103
4
23
160
531
18
81
242
0
3
0
5
10
18
27
15
200
27
41
832
166
59
81
4
933
13
153
153
1
2
0
325
202
35
92
55
53
163
5
29
745
317
187
0
664
459
4
57
0
51
20
46
0
742
0
233
2
0
87
22
10
0
0
0
0
4
125
0
0
60
10
5
5
12
88
4
3
16
147
99
0
2
49
15
564
15
3
103
7
147
257
0
1
200
246
0
555
15
11
2
13
4
27
0
493
0
55
384
0
5
13
46
82
22
18
0
27
0
6
0
0
0
61
0
0
0
2
628
0
3
149
10
10
129
797
40
17
19
215
20
61
0
0
131
9
2
0
522
0
0
15
283
2
17
2
800
23
93
2
20
12
27
2
22
13
27
15
50
146
50
100
281
7
24
5
0
0
6
5
19
5
0
371
1
155
5
5
0
357
477
8
49
0
12
457
1
0
74
0
0
75
31
495
192
8
312
26
271
92
6
571
18
2
12
13
4
4
71
2
5
71
0
0
94
0
84
0
770
12
17
22
528
77
39
26
1
25
8
3
0
0
0
0
29
2
18
0
0
262
0
27
16
10
6
10
5
9
0
0
383
5
31
133
17
0
0
0
0
14
47
0
0
0
13
5
0
633
19
3
179
6
24
65
13
39
17
156
2
0
0
0
3
159
9
14
0
6
0
8
45
24
0
9
3
0
0
192
11
25
189
99
1
94
3
623
86
49
156
11
17
0
124
18
437
109
0
1
5
1
0
879
107
0
0
48
36
0
4
15
6
50
3
0
0
29
3
5
90
249
11
189
0
240
6
9
44
10
383
38
11
0
17
3
96
0
34
4
478
439
61
0
134
10
188
0
0
200
85
4
0
173
0
45
137
0
125
3
13
189
22
20
0
32
3
6
216
261
67
8
0
83
41
97
222
20
86
18
3
87
121
5
805
3
263
5
2
0
0
34
0
58
13
0
12
1
26
11
40
2
10
0
19
99
19
8
8
0
2
13
8
0
3
8
250
0
6
0
275
6
0
812
0
4
13
8
0
0
17
0
1
2
0
27
1
0
0
148
105
392
477
0
3
3
10
57
5
2
3
165
3
278
0
293
3
0
9
18
368
745
2
9
27
0
6
130
0
3
236
1
79
0
3
0
112
6
0
472
4
5
0
14
307
83
257
0
0
26
242
0
227
3
10
379
366
3
5
53
51
8
2
48
0
2
9
35
40
100
109
13
49
8
99
2
7
11
3
25
26
3
3
27
57
31
61
208
23
9
20
0
18
0
14
0
26
4
3
23
3
20
173
152
0
14
92
86
3
386
0
17
5
35
15
1
4
0
3
2
12
455
66
0
3
17
23
6
133
0
26
139
19
11
15
0
14
9
12
1
2
6
0
10
2
575
18
97
3
13
18
97
14
19
0
20
192
80
0
8
179
20
0
9
0
93
845
15
846
2
72
10
220
8
76
0
0
10
3
0
0
0
1
6
0
20
0
587
5
82
88
0
5
15
26
0
90
0
122
599
6
25
21
114
32
0
5
629
129
10
106
249
35
7
10
0
3
107
18
0
166
2
0
3
10
3
37
68
27
123
0
34
27
46
58
0
33
3
15
263
0
9
0
213
697
197
30
89
124
27
86
32
12
101
33
146
4
8
15
12
32
264
119
0
2
3
25
67
135
0
0
861
41
484
687
0
390
599
3
477
0
0
13
32
0
9
0
2
0
142
5
3
0
3
66
130
30
30
0
50
12
593
0
0
33
165
23
667
712
59
21
0
2
342
0
33
64
0
249
4
27
64
0
7
682
2
49
0
0
153
0
121
170
1
308
300
0
9
40
181
0
61
20
63
0
1
122
0
0
0
3
64
7
56
89
2
16
6
3
0
0
129
0
40
0
0
0
0
0
0
54
78
6
3
7
0
9
0
3
10
42
54
0
0
10
0
61
0
373
20
745
65
4
27
32
2
133
324
3
3
75
312
893
69
372
2
0
13
3
1
9
59
487
64
0
6
12
0
109
106
2
0
0
26
51
27
907
9
8
275
0
32
40
3
8
12
0
2
0
15
13
9
15
6
308
0
886
6
87
370
8
94
30
0
4
0
41
0
14
0
548
47
61
4
0
4
103
192
46
0
12
12
22
96
0
0
49
1
2
22
208
291
62
134
28
0
104
0
0
239
126
67
227
0
0
7
183
59
16
146
171
600
20
259
330
87
191
10
59
0
33
356
3
698
817
17
0
198
9
0
0
0
18
0
52
0
0
0
0
2
0
2
1
0
4
0
587
287
0
73
2
0
4
0
20
11
0
114
0
0
2
27
51
8
5
11
17
87
0
0
211
0
4
1
0
10
64
4
1
19
0
126
4
0
31
37
138
601
107
0
15
206
138
308
0
49
87
0
7
0
70
10
86
22
366
384
219
51
0
78
687
0
0
9
3
18
160
2
9
8
1
315
11
3
0
2
12
686
118
0
89
20
3
11
5
0
0
61
12
0
165
0
2
758
0
0
20
753
121
0
15
197
3
6
810
0
28
0
0
39
0
38
1
0
642
0
22
20
347
4
2
5
10
15
193
3
293
8
168
5
168
245
636
0
0
2
229
35
182
0
35
54
55
2
0
12
20
27
15
2
148
43
0
5
0
394
301
0
0
126
14
2
27
245
16
307
86
6
277
306
74
0
0
2
12
14
0
52
3
12
4
9
3
40
0
127
19
4
5
800
23
39
20
0
13
6
35
2
10
27
66
152
0
3
28
0
46
0
186
5
4
38
576
22
3
0
0
8
8
0
25
9
582
0
5
0
0
0
0
0
0
32
0
0
0
426
0
8
2
61
8
0
24
0
0
9
1
0
20
3
56
0
4
5
0
422
0
0
0
95
0
190
8
26
338
0
68
14
23
30
570
248
73
10
0
47
0
0
0
10
6
334
0
0
153
502
0
23
6
10
69
221
32
0
4
19
0
142
35
10
175
0
38
96
0
66
1
99
0
41
237
907
87
19
0
0
0
962
417
206
26
29
153
10
10
14
5
